{"target": 177.35912017953595, "params": {"gamma": 0.00834044009405148, "learning_rate": 0.21889410309822585, "max_depth": 2.0006862489040693, "n_estimators": 220.9330290527359, "reg_alpha": 0.44026767245133913, "reg_lambda": 1.2770157843063934}, "datetime": {"datetime": "2022-02-08 07:42:55", "elapsed": 0.0, "delta": 0.0}}
{"target": 177.81221642625556, "params": {"gamma": 0.003725204227553418, "learning_rate": 0.11021261084248384, "max_depth": 4.38060484538402, "n_estimators": 315.5266936013428, "reg_alpha": 1.2575835432098845, "reg_lambda": 3.0556585011902784}, "datetime": {"datetime": "2022-02-08 07:44:25", "elapsed": 90.259006, "delta": 90.259006}}
{"target": 177.48860312534558, "params": {"gamma": 0.004089044994630349, "learning_rate": 0.26465405655337415, "max_depth": 2.164325559187557, "n_estimators": 368.1870040713609, "reg_alpha": 1.2519144071013808, "reg_lambda": 2.676069485337255}, "datetime": {"datetime": "2022-02-08 07:45:20", "elapsed": 145.34735, "delta": 55.088344}}
{"target": 178.18060172281469, "params": {"gamma": 0.0028077387719046753, "learning_rate": 0.06744943183461484, "max_depth": 6.80446741205322, "n_estimators": 487.304630287759, "reg_alpha": 0.9402725344777285, "reg_lambda": 3.0769678470079422}, "datetime": {"datetime": "2022-02-08 07:48:46", "elapsed": 350.749115, "delta": 205.401765}}
{"target": 177.4987835447054, "params": {"gamma": 0.017527783045920765, "learning_rate": 0.2694359324161157, "max_depth": 2.5102652682186672, "n_estimators": 115.62191329315294, "reg_alpha": 0.5094912586937067, "reg_lambda": 3.6344275102882393}, "datetime": {"datetime": "2022-02-08 07:49:07", "elapsed": 371.914087, "delta": 21.164972}}
{"target": 178.2185772678969, "params": {"gamma": 0.004586753629586997, "learning_rate": 0.08516653704805414, "max_depth": 6.204743640036042, "n_estimators": 486.6101116515747, "reg_alpha": 0.5948394598934406, "reg_lambda": 3.242491863681539}, "datetime": {"datetime": "2022-02-08 07:52:30", "elapsed": 575.192836, "delta": 203.278749}}
{"target": 177.51091521043517, "params": {"gamma": 0.0, "learning_rate": 0.3, "max_depth": 3.1595154615558902, "n_estimators": 473.86808612163696, "reg_alpha": 1.079174106696688, "reg_lambda": 4.0}, "datetime": {"datetime": "2022-02-08 07:54:11", "elapsed": 675.751487, "delta": 100.558651}}
{"target": 177.4923488646078, "params": {"gamma": 0.0022744877665411447, "learning_rate": 0.21287246381747432, "max_depth": 2.1188400200057202, "n_estimators": 488.7435890197719, "reg_alpha": 1.8157250387874564, "reg_lambda": 1.4887291640470277}, "datetime": {"datetime": "2022-02-08 07:55:22", "elapsed": 747.197821, "delta": 71.446334}}
{"target": 178.12687166440287, "params": {"gamma": 0.001172177518753148, "learning_rate": 0.26635009183550673, "max_depth": 7.918589749855641, "n_estimators": 484.5501459841202, "reg_alpha": 1.0462448469199177, "reg_lambda": 2.909219961013032}, "datetime": {"datetime": "2022-02-08 07:59:20", "elapsed": 985.445658, "delta": 238.247837}}
{"target": 177.18263412846832, "params": {"gamma": 0.02, "learning_rate": 0.01, "max_depth": 4.9364442105705155, "n_estimators": 482.8155539758241, "reg_alpha": 0.0, "reg_lambda": 1.0}, "datetime": {"datetime": "2022-02-08 08:01:39", "elapsed": 1123.492651, "delta": 138.046993}}
{"target": 178.27362286225556, "params": {"gamma": 0.0059226279205718945, "learning_rate": 0.06212524185168654, "max_depth": 6.941368383606929, "n_estimators": 485.08444496882413, "reg_alpha": 2.097927823098203, "reg_lambda": 3.974857006203007}, "datetime": {"datetime": "2022-02-08 08:05:04", "elapsed": 1328.607545, "delta": 205.114894}}
{"target": 178.1698932905631, "params": {"gamma": 0.00533248444865803, "learning_rate": 0.21859378516034755, "max_depth": 7.95891617545379, "n_estimators": 486.27242758695775, "reg_alpha": 0.368702022817349, "reg_lambda": 3.8334255874527736}, "datetime": {"datetime": "2022-02-08 08:09:01", "elapsed": 1566.335529, "delta": 237.727984}}
{"target": 178.2081265287827, "params": {"gamma": 0.004934695315610733, "learning_rate": 0.3, "max_depth": 8.0, "n_estimators": 307.26594137956306, "reg_alpha": 3.0, "reg_lambda": 4.0}, "datetime": {"datetime": "2022-02-08 08:11:54", "elapsed": 1739.050858, "delta": 172.715329}}
{"target": 178.1905305443591, "params": {"gamma": 0.005128249099586902, "learning_rate": 0.18305112573403162, "max_depth": 7.454670660767546, "n_estimators": 303.655359105912, "reg_alpha": 2.9594104227686553, "reg_lambda": 1.9549021042514931}, "datetime": {"datetime": "2022-02-08 08:14:29", "elapsed": 1894.153619, "delta": 155.102761}}
{"target": 177.91218018348775, "params": {"gamma": 0.017965731620341083, "learning_rate": 0.2539549915827436, "max_depth": 3.80266067558337, "n_estimators": 306.36943567035905, "reg_alpha": 2.4747621754441855, "reg_lambda": 2.8516292724262673}, "datetime": {"datetime": "2022-02-08 08:15:36", "elapsed": 1961.313664, "delta": 67.160045}}
{"target": 178.20174976268544, "params": {"gamma": 0.004643345347822905, "learning_rate": 0.17594954045163644, "max_depth": 7.0445810491539245, "n_estimators": 300.3117247557493, "reg_alpha": 0.8702631228624218, "reg_lambda": 3.983415585482593}, "datetime": {"datetime": "2022-02-08 08:18:07", "elapsed": 2112.352541, "delta": 151.038877}}
{"target": 177.833543349193, "params": {"gamma": 0.00877859404823841, "learning_rate": 0.27249527142678925, "max_depth": 6.411668824912894, "n_estimators": 296.8430140575446, "reg_alpha": 2.718993983962922, "reg_lambda": 1.104151207834101}, "datetime": {"datetime": "2022-02-08 08:20:17", "elapsed": 2241.619595, "delta": 129.267054}}
{"target": 178.04394148868235, "params": {"gamma": 0.0004185843435146608, "learning_rate": 0.21139950995708578, "max_depth": 7.080549263564443, "n_estimators": 304.8553949035278, "reg_alpha": 0.030701323939764102, "reg_lambda": 3.83419664989366}, "datetime": {"datetime": "2022-02-08 08:22:48", "elapsed": 2392.991888, "delta": 151.372293}}
{"target": 177.32024517165055, "params": {"gamma": 0.004934942992364071, "learning_rate": 0.08599630138775674, "max_depth": 2.244971820307377, "n_estimators": 300.62179727964883, "reg_alpha": 2.8552663412724053, "reg_lambda": 3.9358315061749134}, "datetime": {"datetime": "2022-02-08 08:23:34", "elapsed": 2439.399151, "delta": 46.407263}}
{"target": 177.67267197230308, "params": {"gamma": 0.02, "learning_rate": 0.01, "max_depth": 8.0, "n_estimators": 309.31437918106633, "reg_alpha": 3.0, "reg_lambda": 1.0}, "datetime": {"datetime": "2022-02-08 08:26:37", "elapsed": 2621.683437, "delta": 182.284286}}
{"target": 178.09236514802126, "params": {"gamma": 0.015982763856121674, "learning_rate": 0.1536624490933073, "max_depth": 7.039643600428798, "n_estimators": 302.22074545381906, "reg_alpha": 0.1812734857268833, "reg_lambda": 1.3319907558493038}, "datetime": {"datetime": "2022-02-08 08:29:06", "elapsed": 2771.345323, "delta": 149.661886}}
{"target": 178.11015125083057, "params": {"gamma": 0.016051202228725282, "learning_rate": 0.16880964217497274, "max_depth": 7.936314983855203, "n_estimators": 421.665770712614, "reg_alpha": 2.4283900644515004, "reg_lambda": 2.948986622165109}, "datetime": {"datetime": "2022-02-08 08:32:39", "elapsed": 2984.016522, "delta": 212.671199}}
{"target": 178.25092168514988, "params": {"gamma": 0.014079775724708452, "learning_rate": 0.16226638469754376, "max_depth": 7.519773548648549, "n_estimators": 417.124836055143, "reg_alpha": 1.4788802382891688, "reg_lambda": 2.3228957226300047}, "datetime": {"datetime": "2022-02-08 08:36:09", "elapsed": 3194.048284, "delta": 210.031762}}
{"target": 177.88779814021518, "params": {"gamma": 0.019873950268912356, "learning_rate": 0.199163219482573, "max_depth": 3.941490777361586, "n_estimators": 418.88728364690814, "reg_alpha": 0.9013686491814508, "reg_lambda": 2.0753735786813237}, "datetime": {"datetime": "2022-02-08 08:37:39", "elapsed": 3284.262682, "delta": 90.214398}}
{"target": 178.226197046478, "params": {"gamma": 0.0015629345717119447, "learning_rate": 0.1801693378852352, "max_depth": 7.606132839980354, "n_estimators": 414.11919656359765, "reg_alpha": 2.7542919580430465, "reg_lambda": 3.5550229206689368}, "datetime": {"datetime": "2022-02-08 08:41:09", "elapsed": 3493.904998, "delta": 209.642316}}
