{"target": 200.28702301609053, "params": {"gamma": 0.02, "learning_rate": 0.03776672325989184, "max_depth": 3.0, "n_estimators": 629.0020999287208, "reg_alpha": 3.0, "reg_lambda": 1.3146506851815614, "subsample": 0.5}, "datetime": {"datetime": "2022-02-02 05:09:32", "elapsed": 10275.604916, "delta": 90.708345}}
{"target": 200.56539857377314, "params": {"gamma": 0.02, "learning_rate": 0.3, "max_depth": 3.0, "n_estimators": 517.3115843173259, "reg_alpha": 3.0, "reg_lambda": 1.0, "subsample": 1.0}, "datetime": {"datetime": "2022-02-02 05:11:16", "elapsed": 10379.504844, "delta": 103.899928}}
{"target": 200.58030503367814, "params": {"gamma": 0.010249269130295134, "learning_rate": 0.2793554359829207, "max_depth": 5.123827141682441, "n_estimators": 490.711357601112, "reg_alpha": 0.14624431143208516, "reg_lambda": 1.3450776786095153, "subsample": 0.8637291059933547}, "datetime": {"datetime": "2022-02-02 05:13:47", "elapsed": 10530.483135, "delta": 150.978291}}
{"target": 200.450651063805, "params": {"gamma": 0.0, "learning_rate": 0.3, "max_depth": 3.0, "n_estimators": 525.4912879354064, "reg_alpha": 0.0, "reg_lambda": 1.0, "subsample": 0.5}, "datetime": {"datetime": "2022-02-02 05:15:05", "elapsed": 10607.78976, "delta": 77.306625}}
{"target": 200.4299008917476, "params": {"gamma": 0.011994718417811221, "learning_rate": 0.3, "max_depth": 3.0, "n_estimators": 374.69016429054477, "reg_alpha": 3.0, "reg_lambda": 4.0, "subsample": 0.5}, "datetime": {"datetime": "2022-02-02 05:16:01", "elapsed": 10664.647259, "delta": 56.857499}}
{"target": 200.50969471700617, "params": {"gamma": 0.014969681646190863, "learning_rate": 0.3, "max_depth": 12.0, "n_estimators": 367.39518551541113, "reg_alpha": 3.0, "reg_lambda": 4.0, "subsample": 0.5}, "datetime": {"datetime": "2022-02-02 05:18:43", "elapsed": 10826.163637, "delta": 161.516378}}
{"target": 200.5145920794608, "params": {"gamma": 0.0, "learning_rate": 0.3, "max_depth": 12.0, "n_estimators": 649.9639259267062, "reg_alpha": 0.0, "reg_lambda": 4.0, "subsample": 0.5}, "datetime": {"datetime": "2022-02-02 05:22:30", "elapsed": 11053.676292, "delta": 227.512655}}
{"target": 200.1826783313508, "params": {"gamma": 0.0007864014892231986, "learning_rate": 0.015233550977331835, "max_depth": 4.834849552287896, "n_estimators": 645.0650088729469, "reg_alpha": 0.07038544977152683, "reg_lambda": 1.469774728378764, "subsample": 0.6792182069677084}, "datetime": {"datetime": "2022-02-02 05:24:52", "elapsed": 11194.885027, "delta": 141.208735}}
{"target": 200.55821484233357, "params": {"gamma": 0.01949262510410819, "learning_rate": 0.16938751473545363, "max_depth": 11.495442581469035, "n_estimators": 657.5673270981372, "reg_alpha": 3.0, "reg_lambda": 1.4909718322009233, "subsample": 0.7211857873958716}, "datetime": {"datetime": "2022-02-02 05:30:12", "elapsed": 11514.902017, "delta": 320.01699}}
{"target": 200.56390824367526, "params": {"gamma": 0.0036778448186016344, "learning_rate": 0.23975931648199816, "max_depth": 5.558574912632934, "n_estimators": 662.4278142201099, "reg_alpha": 1.9221681662628851, "reg_lambda": 2.7609451289955267, "subsample": 0.8214307527826338}, "datetime": {"datetime": "2022-02-02 05:33:33", "elapsed": 11715.799923, "delta": 200.897906}}
{"target": 200.5260354706279, "params": {"gamma": 0.0031278977407402887, "learning_rate": 0.04585462940382996, "max_depth": 11.611230303014114, "n_estimators": 666.3292825256019, "reg_alpha": 0.27887687723688104, "reg_lambda": 3.3018600107181415, "subsample": 0.8153380725636975}, "datetime": {"datetime": "2022-02-02 05:40:31", "elapsed": 12134.578205, "delta": 418.778282}}
{"target": 200.5191428459885, "params": {"gamma": 0.02, "learning_rate": 0.05568178025518166, "max_depth": 4.803807611800986, "n_estimators": 670.6137882334962, "reg_alpha": 3.0, "reg_lambda": 1.0, "subsample": 0.5}, "datetime": {"datetime": "2022-02-02 05:42:35", "elapsed": 12258.461554, "delta": 123.883349}}
{"target": 200.53526099367335, "params": {"gamma": 0.002937399611205365, "learning_rate": 0.20773612742773107, "max_depth": 11.651388003270165, "n_estimators": 675.7212287071837, "reg_alpha": 1.773645080914335, "reg_lambda": 1.6880751684126403, "subsample": 0.6737026076775396}, "datetime": {"datetime": "2022-02-02 05:47:42", "elapsed": 12565.105631, "delta": 306.644077}}
{"target": 200.55215222694795, "params": {"gamma": 0.013685894713387874, "learning_rate": 0.1311153919803987, "max_depth": 4.179404501604621, "n_estimators": 678.6967327808474, "reg_alpha": 0.31646298558255403, "reg_lambda": 3.43587067672232, "subsample": 0.7086250998801948}, "datetime": {"datetime": "2022-02-02 05:50:11", "elapsed": 12714.68943, "delta": 149.583799}}
{"target": 200.44997732858914, "params": {"gamma": 0.02, "learning_rate": 0.3, "max_depth": 10.432871467695739, "n_estimators": 683.9194674172868, "reg_alpha": 3.0, "reg_lambda": 4.0, "subsample": 0.5}, "datetime": {"datetime": "2022-02-02 05:54:13", "elapsed": 12956.084825, "delta": 241.395395}}
{"target": 200.5176763747981, "params": {"gamma": 0.0091697646479314, "learning_rate": 0.18538640792441874, "max_depth": 11.895656430644898, "n_estimators": 342.6391178778928, "reg_alpha": 0.4753747871452556, "reg_lambda": 1.2661720678040576, "subsample": 0.941608536299144}, "datetime": {"datetime": "2022-02-02 05:57:46", "elapsed": 13169.48653, "delta": 213.401705}}
{"target": 200.5078557787565, "params": {"gamma": 0.0010592132265002442, "learning_rate": 0.19137479832577955, "max_depth": 10.7330202695756, "n_estimators": 333.6604801603902, "reg_alpha": 2.2536553463444395, "reg_lambda": 2.3662075738910815, "subsample": 0.6117698140407883}, "datetime": {"datetime": "2022-02-02 06:00:25", "elapsed": 13328.608134, "delta": 159.121604}}
{"target": 200.4131233422231, "params": {"gamma": 0.01190805268091604, "learning_rate": 0.0985419702208677, "max_depth": 3.238029478424601, "n_estimators": 330.77003396928137, "reg_alpha": 1.109692910505462, "reg_lambda": 1.3562653811663834, "subsample": 0.5174110660893456}, "datetime": {"datetime": "2022-02-02 06:01:18", "elapsed": 13381.215488, "delta": 52.607354}}
{"target": 200.42877774465927, "params": {"gamma": 0.0, "learning_rate": 0.3, "max_depth": 4.028452782304841, "n_estimators": 119.02047565627504, "reg_alpha": 3.0, "reg_lambda": 1.0, "subsample": 1.0}, "datetime": {"datetime": "2022-02-02 06:01:54", "elapsed": 13417.199567, "delta": 35.984079}}
{"target": 198.6773636583869, "params": {"gamma": 0.014799980965298418, "learning_rate": 0.01, "max_depth": 6.497584486543928, "n_estimators": 129.4113962447663, "reg_alpha": 0.0, "reg_lambda": 4.0, "subsample": 0.5}, "datetime": {"datetime": "2022-02-02 06:02:34", "elapsed": 13457.133521, "delta": 39.933954}}
{"target": 200.46821451618862, "params": {"gamma": 0.009627043422474094, "learning_rate": 0.28859610580223105, "max_depth": 3.1303267173449596, "n_estimators": 259.3981998071748, "reg_alpha": 2.924441763894862, "reg_lambda": 2.4610254035014507, "subsample": 0.8519207660512306}, "datetime": {"datetime": "2022-02-02 06:03:26", "elapsed": 13509.543716, "delta": 52.410195}}
{"target": 200.0570882103112, "params": {"gamma": 0.02, "learning_rate": 0.01, "max_depth": 12.0, "n_estimators": 255.30360941207283, "reg_alpha": 0.0, "reg_lambda": 1.0, "subsample": 1.0}, "datetime": {"datetime": "2022-02-02 06:07:07", "elapsed": 13730.156491, "delta": 220.612775}}
{"target": 200.41318003919034, "params": {"gamma": 0.0, "learning_rate": 0.3, "max_depth": 3.0, "n_estimators": 269.198422867494, "reg_alpha": 0.0, "reg_lambda": 4.0, "subsample": 0.5}, "datetime": {"datetime": "2022-02-02 06:07:51", "elapsed": 13774.055607, "delta": 43.899116}}
{"target": 200.30282864113352, "params": {"gamma": 0.016646404179798135, "learning_rate": 0.02817840355141677, "max_depth": 11.879093085411638, "n_estimators": 203.5296137598017, "reg_alpha": 1.1586355053746122, "reg_lambda": 3.722540825137136, "subsample": 0.9575411957860882}, "datetime": {"datetime": "2022-02-02 06:10:31", "elapsed": 13934.16591, "delta": 160.110303}}
{"target": 200.06134796142234, "params": {"gamma": 0.004123495284231762, "learning_rate": 0.0231536618743401, "max_depth": 11.80500219577007, "n_estimators": 116.23250460186264, "reg_alpha": 1.596698377579675, "reg_lambda": 1.256980934076592, "subsample": 0.6727252809830478}, "datetime": {"datetime": "2022-02-02 06:11:49", "elapsed": 14011.7812, "delta": 77.61529}}
{"target": 200.5743152616826, "params": {"gamma": 0.01813952615250134, "learning_rate": 0.10671092676594257, "max_depth": 8.473052425712709, "n_estimators": 504.3593962834643, "reg_alpha": 0.10072052712543134, "reg_lambda": 1.233539973927561, "subsample": 0.6127522137580654}, "datetime": {"datetime": "2022-02-02 06:15:08", "elapsed": 14210.868687, "delta": 199.087487}}
{"target": 200.48295767519764, "params": {"gamma": 0.02, "learning_rate": 0.3, "max_depth": 12.0, "n_estimators": 354.80728969522585, "reg_alpha": 3.0, "reg_lambda": 4.0, "subsample": 0.5}, "datetime": {"datetime": "2022-02-02 06:17:45", "elapsed": 14368.221857, "delta": 157.35317}}
{"target": 200.35490398199238, "params": {"gamma": 0.0, "learning_rate": 0.01, "max_depth": 12.0, "n_estimators": 635.5087267211887, "reg_alpha": 3.0, "reg_lambda": 1.0, "subsample": 0.5}, "datetime": {"datetime": "2022-02-02 06:23:41", "elapsed": 14724.498873, "delta": 356.277016}}
{"target": 200.55659101226624, "params": {"gamma": 0.0035832138297227003, "learning_rate": 0.2649141428568535, "max_depth": 3.0325240893104803, "n_estimators": 686.197038307625, "reg_alpha": 0.5184056544006729, "reg_lambda": 1.462362691631252, "subsample": 0.82297071651823}, "datetime": {"datetime": "2022-02-02 06:25:49", "elapsed": 14852.095011, "delta": 127.596138}}
{"target": 200.4322971344502, "params": {"gamma": 0.02, "learning_rate": 0.3, "max_depth": 3.2939377964974446, "n_estimators": 385.9900794213659, "reg_alpha": 3.0, "reg_lambda": 4.0, "subsample": 0.5}, "datetime": {"datetime": "2022-02-02 06:26:47", "elapsed": 14910.501796, "delta": 58.406785}}
