{"target": 200.23084408262767, "params": {"gamma": 0.00834044009405148, "learning_rate": 0.21889410309822585, "max_depth": 3.0005718740867247, "n_estimators": 220.9330290527359, "reg_alpha": 0.44026767245133913, "reg_lambda": 1.2770157843063934, "subsample": 0.5931301056888354}, "datetime": {"datetime": "2022-02-01 23:08:02", "elapsed": 0.0, "delta": 0.0}}
{"target": 200.384721311436, "params": {"gamma": 0.006911214540860955, "learning_rate": 0.12506256752689426, "max_depth": 5.694083670016784, "n_estimators": 267.6778057613179, "reg_alpha": 2.0556585011902784, "reg_lambda": 1.6133567491945522, "subsample": 0.9390587181954727}, "datetime": {"datetime": "2022-02-01 23:10:55", "elapsed": 172.906634, "delta": 172.906634}}
{"target": 200.40052838099027, "params": {"gamma": 0.0005477518639585233, "learning_rate": 0.20443557795173664, "max_depth": 5.086524011835635, "n_estimators": 323.47593137830063, "reg_alpha": 0.4211608157857013, "reg_lambda": 1.5943044672546365, "subsample": 0.9003722843377684}, "datetime": {"datetime": "2022-02-01 23:12:41", "elapsed": 279.294812, "delta": 106.388178}}
{"target": 200.4126306381862, "params": {"gamma": 0.019365231514387952, "learning_rate": 0.10089301166618041, "max_depth": 6.46161307834657, "n_estimators": 450.5556609184153, "reg_alpha": 2.683819990511542, "reg_lambda": 1.2551326341093336, "subsample": 0.5195273916164411}, "datetime": {"datetime": "2022-02-01 23:14:50", "elapsed": 408.249663, "delta": 128.954851}}
{"target": 200.26542498429114, "params": {"gamma": 0.003396608391291378, "learning_rate": 0.2646613259945298, "max_depth": 3.4917341691652504, "n_estimators": 268.44305000202087, "reg_alpha": 2.873668590451506, "reg_lambda": 2.599495854919051, "subsample": 0.8459385569752367}, "datetime": {"datetime": "2022-02-01 23:15:43", "elapsed": 461.812463, "delta": 53.5628}}
{"target": 200.295869174489, "params": {"gamma": 0.006310312620121259, "learning_rate": 0.20908526902765925, "max_depth": 7.1731283594868644, "n_estimators": 107.31531093767673, "reg_alpha": 2.2504329448349023, "reg_lambda": 3.9665832667194842, "subsample": 0.8740828271899197}, "datetime": {"datetime": "2022-02-01 23:16:35", "elapsed": 513.22142, "delta": 51.408957}}
{"target": 200.28286336577514, "params": {"gamma": 0.005608879841288104, "learning_rate": 0.23889100525093165, "max_depth": 3.51613003288821, "n_estimators": 279.15741047036204, "reg_alpha": 2.7257865092792866, "reg_lambda": 1.8808424451210386, "subsample": 0.6438876692931743}, "datetime": {"datetime": "2022-02-01 23:17:24", "elapsed": 562.052763, "delta": 48.831343}}
{"target": 199.3738785036335, "params": {"gamma": 0.0026005714423655533, "learning_rate": 0.015616417782386151, "max_depth": 6.394177664699455, "n_estimators": 184.6512464000236, "reg_alpha": 0.7966399781166786, "reg_lambda": 2.474719477841015, "subsample": 0.5266812725585401}, "datetime": {"datetime": "2022-02-01 23:18:20", "elapsed": 618.378766, "delta": 56.326003}}
{"target": 200.32071487945512, "params": {"gamma": 0.011482352109840261, "learning_rate": 0.05255128672268494, "max_depth": 5.946527684516421, "n_estimators": 379.90334400837247, "reg_alpha": 0.3070032864834775, "reg_lambda": 2.242167963458705, "subsample": 0.8472000788638725}, "datetime": {"datetime": "2022-02-01 23:20:17", "elapsed": 735.722487, "delta": 117.343721}}
{"target": 200.0725920310012, "params": {"gamma": 0.008283585390538053, "learning_rate": 0.024486503094365276, "max_depth": 5.679482029577558, "n_estimators": 365.5178580879155, "reg_alpha": 1.5446673361749257, "reg_lambda": 3.83378426797244, "subsample": 0.7932775202509965}, "datetime": {"datetime": "2022-02-01 23:22:08", "elapsed": 846.114653, "delta": 110.392166}}
{"target": 200.11673511769885, "params": {"gamma": 0.01806803830575767, "learning_rate": 0.04986766420240888, "max_depth": 3.6963817362537927, "n_estimators": 422.95651548380954, "reg_alpha": 1.1930305109566008, "reg_lambda": 1.4960625913507983, "subsample": 0.963754290198017}, "datetime": {"datetime": "2022-02-01 23:23:36", "elapsed": 934.083536, "delta": 87.968883}}
{"target": 200.4484256999411, "params": {"gamma": 0.006955317194910131, "learning_rate": 0.2277355099094851, "max_depth": 6.629989926752257, "n_estimators": 453.32243648232395, "reg_alpha": 1.8710166211668267, "reg_lambda": 3.2528273020820118, "subsample": 0.6744491709889213}, "datetime": {"datetime": "2022-02-01 23:26:05", "elapsed": 1083.642998, "delta": 149.559462}}
{"target": 199.59563886796315, "params": {"gamma": 0.02, "learning_rate": 0.01, "max_depth": 8.0, "n_estimators": 252.28119908090872, "reg_alpha": 0.0, "reg_lambda": 1.0, "subsample": 1.0}, "datetime": {"datetime": "2022-02-01 23:28:27", "elapsed": 1225.486259, "delta": 141.843261}}
{"target": 200.43922754126848, "params": {"gamma": 0.0016653554259028036, "learning_rate": 0.11473843840563233, "max_depth": 5.120120586250502, "n_estimators": 464.6192357477169, "reg_alpha": 2.8981063771706204, "reg_lambda": 1.1917919068199616, "subsample": 0.8553163966749788}, "datetime": {"datetime": "2022-02-01 23:30:52", "elapsed": 1370.565239, "delta": 145.07898}}
{"target": 200.39039856668745, "params": {"gamma": 0.005926628284257585, "learning_rate": 0.16865076930869857, "max_depth": 5.423209283370544, "n_estimators": 309.5696553405663, "reg_alpha": 0.978421177063124, "reg_lambda": 1.5058478218561393, "subsample": 0.8209868864179274}, "datetime": {"datetime": "2022-02-01 23:32:28", "elapsed": 1466.155366, "delta": 95.590127}}
{"target": 200.47743780785885, "params": {"gamma": 0.007891596287923328, "learning_rate": 0.28895673384326387, "max_depth": 7.970417932584806, "n_estimators": 478.1501875755611, "reg_alpha": 0.3427247598995412, "reg_lambda": 2.7339387946230502, "subsample": 0.5124620038037409}, "datetime": {"datetime": "2022-02-01 23:34:57", "elapsed": 1615.375169, "delta": 149.219803}}
{"target": 200.18862122973349, "params": {"gamma": 0.0059212644074393556, "learning_rate": 0.05570378884182143, "max_depth": 3.1123788231520226, "n_estimators": 491.0682109927366, "reg_alpha": 2.945999810303918, "reg_lambda": 2.3127383808489252, "subsample": 0.5307976400573317}, "datetime": {"datetime": "2022-02-01 23:36:13", "elapsed": 1691.197072, "delta": 75.821903}}
{"target": 199.73740260467721, "params": {"gamma": 0.02, "learning_rate": 0.01, "max_depth": 8.0, "n_estimators": 295.2951643527779, "reg_alpha": 0.0, "reg_lambda": 4.0, "subsample": 0.5}, "datetime": {"datetime": "2022-02-01 23:38:07", "elapsed": 1805.762391, "delta": 114.565319}}
{"target": 198.97321740310184, "params": {"gamma": 0.02, "learning_rate": 0.01, "max_depth": 3.0, "n_estimators": 473.0887218541167, "reg_alpha": 3.0, "reg_lambda": 4.0, "subsample": 1.0}, "datetime": {"datetime": "2022-02-01 23:39:45", "elapsed": 1902.908287, "delta": 97.145896}}
{"target": 200.5442445246835, "params": {"gamma": 0.004001348086311381, "learning_rate": 0.2709437740094121, "max_depth": 7.710440254146685, "n_estimators": 482.2180633985286, "reg_alpha": 0.1195220250623884, "reg_lambda": 2.0526333810070123, "subsample": 0.7409863917888928}, "datetime": {"datetime": "2022-02-01 23:42:48", "elapsed": 2086.115481, "delta": 183.207194}}
{"target": 200.43208718466005, "params": {"gamma": 0.007138991383167208, "learning_rate": 0.10508404808555984, "max_depth": 5.739504721198472, "n_estimators": 459.04207149656116, "reg_alpha": 2.9170746170622808, "reg_lambda": 1.0, "subsample": 0.7165393812324068}, "datetime": {"datetime": "2022-02-01 23:44:58", "elapsed": 2216.72676, "delta": 130.611279}}
{"target": 200.4176566371039, "params": {"gamma": 0.002346706059990594, "learning_rate": 0.18778198767698523, "max_depth": 5.2428971935622215, "n_estimators": 316.57876676155496, "reg_alpha": 0.7066414082069866, "reg_lambda": 1.5315644375476032, "subsample": 0.8626450106165799}, "datetime": {"datetime": "2022-02-01 23:46:38", "elapsed": 2316.646473, "delta": 99.919713}}
{"target": 199.97594714065178, "params": {"gamma": 0.0, "learning_rate": 0.01, "max_depth": 8.0, "n_estimators": 461.6124929330101, "reg_alpha": 0.0, "reg_lambda": 4.0, "subsample": 1.0}, "datetime": {"datetime": "2022-02-01 23:50:52", "elapsed": 2570.660584, "delta": 254.014111}}
{"target": 199.79020740850416, "params": {"gamma": 0.02, "learning_rate": 0.01, "max_depth": 8.0, "n_estimators": 320.09404366818717, "reg_alpha": 3.0, "reg_lambda": 4.0, "subsample": 0.5}, "datetime": {"datetime": "2022-02-01 23:52:54", "elapsed": 2692.711976, "delta": 122.051392}}
{"target": 200.34511648891652, "params": {"gamma": 0.0048586350152669015, "learning_rate": 0.3, "max_depth": 3.0, "n_estimators": 454.6609196315471, "reg_alpha": 3.0, "reg_lambda": 1.0, "subsample": 1.0}, "datetime": {"datetime": "2022-02-01 23:54:26", "elapsed": 2784.313386, "delta": 91.60141}}
{"target": 199.65386882745136, "params": {"gamma": 0.009780730423430613, "learning_rate": 0.015852820393427804, "max_depth": 3.540150240670057, "n_estimators": 483.8078519823007, "reg_alpha": 0.049764934764980895, "reg_lambda": 1.2924450955704399, "subsample": 0.7834315689574839}, "datetime": {"datetime": "2022-02-01 23:55:56", "elapsed": 2874.189519, "delta": 89.876133}}
{"target": 200.4814095515698, "params": {"gamma": 0.004023445072926275, "learning_rate": 0.253284299688764, "max_depth": 7.267676820819446, "n_estimators": 480.488252757323, "reg_alpha": 2.327588728926412, "reg_lambda": 3.830596741688463, "subsample": 0.8023966330631197}, "datetime": {"datetime": "2022-02-01 23:59:15", "elapsed": 3073.627774, "delta": 199.438255}}
