{"target": 200.4620075038964, "params": {"gamma": 0.00834044009405148, "learning_rate": 0.21889410309822585, "max_depth": 3.001029373356104, "n_estimators": 281.39954357910386, "reg_alpha": 0.44026767245133913, "reg_lambda": 1.2770157843063934, "subsample": 0.5931301056888354}, "datetime": {"datetime": "2022-02-02 02:18:17", "elapsed": 0.0, "delta": 0.0}}
{"target": 200.550922291269, "params": {"gamma": 0.006911214540860955, "learning_rate": 0.12506256752689426, "max_depth": 7.849350606030212, "n_estimators": 351.5167086419769, "reg_alpha": 2.0556585011902784, "reg_lambda": 1.6133567491945522, "subsample": 0.9390587181954727}, "datetime": {"datetime": "2022-02-02 02:21:01", "elapsed": 164.228172, "delta": 164.228172}}
{"target": 200.6146389173542, "params": {"gamma": 0.0005477518639585233, "learning_rate": 0.20443557795173664, "max_depth": 6.755743221304143, "n_estimators": 435.213897067451, "reg_alpha": 0.4211608157857013, "reg_lambda": 1.5943044672546365, "subsample": 0.9003722843377684}, "datetime": {"datetime": "2022-02-02 02:23:48", "elapsed": 331.175237, "delta": 166.947065}}
{"target": 200.57965964488494, "params": {"gamma": 0.019365231514387952, "learning_rate": 0.10089301166618041, "max_depth": 9.230903541023826, "n_estimators": 625.833491377623, "reg_alpha": 2.683819990511542, "reg_lambda": 1.2551326341093336, "subsample": 0.5195273916164411}, "datetime": {"datetime": "2022-02-02 02:27:57", "elapsed": 580.49302, "delta": 249.317783}}
{"target": 200.51380792255145, "params": {"gamma": 0.003396608391291378, "learning_rate": 0.2646613259945298, "max_depth": 3.8851215044974508, "n_estimators": 352.6645750030313, "reg_alpha": 2.873668590451506, "reg_lambda": 2.599495854919051, "subsample": 0.8459385569752367}, "datetime": {"datetime": "2022-02-02 02:29:07", "elapsed": 650.21162, "delta": 69.7186}}
{"target": 200.4858265939088, "params": {"gamma": 0.006310312620121259, "learning_rate": 0.20908526902765925, "max_depth": 10.511631047076357, "n_estimators": 110.97296640651508, "reg_alpha": 2.2504329448349023, "reg_lambda": 3.9665832667194842, "subsample": 0.8740828271899197}, "datetime": {"datetime": "2022-02-02 02:30:22", "elapsed": 725.753123, "delta": 75.541503}}
{"target": 200.51777852777684, "params": {"gamma": 0.005608879841288104, "learning_rate": 0.23889100525093165, "max_depth": 3.929034059198778, "n_estimators": 368.7361157055431, "reg_alpha": 2.7257865092792866, "reg_lambda": 1.8808424451210386, "subsample": 0.6438876692931743}, "datetime": {"datetime": "2022-02-02 02:31:25", "elapsed": 788.085658, "delta": 62.332535}}
{"target": 200.09214021544008, "params": {"gamma": 0.0026005714423655533, "learning_rate": 0.015616417782386151, "max_depth": 9.109519796459018, "n_estimators": 226.97686960003543, "reg_alpha": 0.7966399781166786, "reg_lambda": 2.474719477841015, "subsample": 0.5266812725585401}, "datetime": {"datetime": "2022-02-02 02:33:07", "elapsed": 890.586897, "delta": 102.501239}}
{"target": 200.57373482600545, "params": {"gamma": 0.011482352109840261, "learning_rate": 0.05255128672268494, "max_depth": 8.303749832129558, "n_estimators": 519.8550160125587, "reg_alpha": 0.3070032864834775, "reg_lambda": 2.242167963458705, "subsample": 0.8472000788638725}, "datetime": {"datetime": "2022-02-02 02:37:22", "elapsed": 1145.15906, "delta": 254.572163}}
{"target": 200.47600838538335, "params": {"gamma": 0.008283585390538053, "learning_rate": 0.024486503094365276, "max_depth": 7.823067653239605, "n_estimators": 498.2767871318733, "reg_alpha": 1.5446673361749257, "reg_lambda": 3.83378426797244, "subsample": 0.7932775202509965}, "datetime": {"datetime": "2022-02-02 02:40:50", "elapsed": 1353.12487, "delta": 207.96581}}
{"target": 200.45110948389046, "params": {"gamma": 0.01806803830575767, "learning_rate": 0.04986766420240888, "max_depth": 4.253487125256827, "n_estimators": 584.4347732257143, "reg_alpha": 1.1930305109566008, "reg_lambda": 1.4960625913507983, "subsample": 0.963754290198017}, "datetime": {"datetime": "2022-02-02 02:43:26", "elapsed": 1509.070091, "delta": 155.945221}}
{"target": 200.5571132082422, "params": {"gamma": 0.006955317194910131, "learning_rate": 0.2277355099094851, "max_depth": 9.533981868154063, "n_estimators": 629.9836547234859, "reg_alpha": 1.8710166211668267, "reg_lambda": 3.2528273020820118, "subsample": 0.6744491709889213}, "datetime": {"datetime": "2022-02-02 02:47:52", "elapsed": 1775.289495, "delta": 266.219404}}
{"target": 200.55277221031864, "params": {"gamma": 0.010269955500457582, "learning_rate": 0.10792451390909447, "max_depth": 11.68451075775249, "n_estimators": 407.78076981960305, "reg_alpha": 1.1122471539044585, "reg_lambda": 2.4877017485756068, "subsample": 0.5204312265475071}, "datetime": {"datetime": "2022-02-02 02:51:06", "elapsed": 1969.052332, "delta": 193.762837}}
{"target": 200.01800166792378, "params": {"gamma": 0.01628957029735141, "learning_rate": 0.014996468105467821, "max_depth": 3.998626991055403, "n_estimators": 699.8479032010986, "reg_alpha": 2.969255374568487, "reg_lambda": 1.9219038814496054, "subsample": 0.8405313099565874}, "datetime": {"datetime": "2022-02-02 02:53:18", "elapsed": 2101.341697, "delta": 132.289365}}
{"target": 200.13659380162727, "params": {"gamma": 0.02, "learning_rate": 0.01, "max_depth": 12.0, "n_estimators": 317.1037771079999, "reg_alpha": 0.0, "reg_lambda": 1.0, "subsample": 1.0}, "datetime": {"datetime": "2022-02-02 02:57:50", "elapsed": 2372.955136, "delta": 271.613439}}
{"target": 200.24365238293313, "params": {"gamma": 0.02, "learning_rate": 0.01, "max_depth": 12.0, "n_estimators": 460.0445885226642, "reg_alpha": 3.0, "reg_lambda": 4.0, "subsample": 0.5}, "datetime": {"datetime": "2022-02-02 03:02:13", "elapsed": 2635.907167, "delta": 262.952031}}
{"target": 200.49024839558982, "params": {"gamma": 0.0, "learning_rate": 0.3, "max_depth": 12.0, "n_estimators": 546.4310939172722, "reg_alpha": 3.0, "reg_lambda": 4.0, "subsample": 0.5}, "datetime": {"datetime": "2022-02-02 03:05:52", "elapsed": 2855.567912, "delta": 219.660745}}
{"target": 200.29828600334267, "params": {"gamma": 0.003439213992241297, "learning_rate": 0.20259449290336734, "max_depth": 3.238669435043764, "n_estimators": 148.05137800602193, "reg_alpha": 1.4055803360828225, "reg_lambda": 1.9340227178476264, "subsample": 0.5775935040469198}, "datetime": {"datetime": "2022-02-02 03:06:22", "elapsed": 2885.00415, "delta": 29.436238}}
{"target": 200.4940474703535, "params": {"gamma": 0.014597714853025408, "learning_rate": 0.15001652436317842, "max_depth": 3.1419181847480746, "n_estimators": 423.459902443434, "reg_alpha": 2.619105010708755, "reg_lambda": 3.8689166386402905, "subsample": 0.8058480460968083}, "datetime": {"datetime": "2022-02-02 03:07:43", "elapsed": 2966.384996, "delta": 81.380846}}
{"target": 200.543120730657, "params": {"gamma": 0.006838360963963688, "learning_rate": 0.04653932066368456, "max_depth": 11.546795728148135, "n_estimators": 388.0388943459058, "reg_alpha": 1.7608012492249574, "reg_lambda": 2.683723165661748, "subsample": 0.7025687406361433}, "datetime": {"datetime": "2022-02-02 03:11:43", "elapsed": 3206.017217, "delta": 239.632221}}
{"target": 200.55041514459379, "params": {"gamma": 0.009333196378532107, "learning_rate": 0.14537365356715565, "max_depth": 11.931473598223276, "n_estimators": 607.060162993819, "reg_alpha": 0.6835264497271685, "reg_lambda": 1.8996927117408604, "subsample": 0.8810827822783993}, "datetime": {"datetime": "2022-02-02 03:17:33", "elapsed": 3556.51158, "delta": 350.494363}}
{"target": 200.44301688464796, "params": {"gamma": 0.01947517967749151, "learning_rate": 0.08358746445412779, "max_depth": 3.1594811103449425, "n_estimators": 653.2462341084528, "reg_alpha": 0.5181118390961746, "reg_lambda": 1.6934408779220544, "subsample": 0.9107888618144067}, "datetime": {"datetime": "2022-02-02 03:19:42", "elapsed": 3684.837388, "delta": 128.325808}}
{"target": 200.52245378109856, "params": {"gamma": 0.009073840754482988, "learning_rate": 0.08968499306030772, "max_depth": 11.937101583562248, "n_estimators": 182.23812651780042, "reg_alpha": 1.8179710636410173, "reg_lambda": 3.26964303983061, "subsample": 0.7212618924145361}, "datetime": {"datetime": "2022-02-02 03:21:39", "elapsed": 3802.637493, "delta": 117.800105}}
{"target": 200.51652669958386, "params": {"gamma": 0.002486785849494819, "learning_rate": 0.12472117781005562, "max_depth": 3.439774924178949, "n_estimators": 534.0707149013651, "reg_alpha": 1.2674429158679696, "reg_lambda": 1.731181169238085, "subsample": 0.7267729858041968}, "datetime": {"datetime": "2022-02-02 03:23:16", "elapsed": 3899.122779, "delta": 96.485286}}
{"target": 200.59940043943732, "params": {"gamma": 0.02, "learning_rate": 0.3, "max_depth": 3.0, "n_estimators": 614.9244227873252, "reg_alpha": 3.0, "reg_lambda": 4.0, "subsample": 1.0}, "datetime": {"datetime": "2022-02-02 03:25:18", "elapsed": 4021.47541, "delta": 122.352631}}
{"target": 198.0341704284359, "params": {"gamma": 0.013754502396437385, "learning_rate": 0.03206293605930615, "max_depth": 3.072290035204782, "n_estimators": 100.04912405191459, "reg_alpha": 0.07330432056409608, "reg_lambda": 2.9215194880995248, "subsample": 0.5469663804802726}, "datetime": {"datetime": "2022-02-02 03:25:38", "elapsed": 4041.44572, "delta": 19.97031}}
{"target": 200.48777570116843, "params": {"gamma": 0.0029432448695017144, "learning_rate": 0.3, "max_depth": 12.0, "n_estimators": 121.68561921580675, "reg_alpha": 3.0, "reg_lambda": 4.0, "subsample": 1.0}, "datetime": {"datetime": "2022-02-02 03:27:14", "elapsed": 4137.731469, "delta": 96.285749}}
{"target": 200.1236071435121, "params": {"gamma": 0.0033215077130932546, "learning_rate": 0.03379915257645735, "max_depth": 3.0385603237707333, "n_estimators": 398.0847714271204, "reg_alpha": 0.11446548095503495, "reg_lambda": 1.272472265324672, "subsample": 0.960272622134331}, "datetime": {"datetime": "2022-02-02 03:28:38", "elapsed": 4220.993511, "delta": 83.262042}}
{"target": 199.5623236773532, "params": {"gamma": 0.0, "learning_rate": 0.01, "max_depth": 3.0, "n_estimators": 600.202497452024, "reg_alpha": 3.0, "reg_lambda": 4.0, "subsample": 0.5}, "datetime": {"datetime": "2022-02-02 03:30:06", "elapsed": 4309.097918, "delta": 88.104407}}
{"target": 200.54885471063852, "params": {"gamma": 0.015662654190049835, "learning_rate": 0.23471483510838467, "max_depth": 11.95557461764611, "n_estimators": 617.2230164115051, "reg_alpha": 0.6208787537491443, "reg_lambda": 3.132527954729074, "subsample": 0.9802231144137101}, "datetime": {"datetime": "2022-02-02 03:36:07", "elapsed": 4669.822484, "delta": 360.724566}}
{"target": 200.15996350239016, "params": {"gamma": 0.02, "learning_rate": 0.01, "max_depth": 12.0, "n_estimators": 376.85594007253957, "reg_alpha": 0.0, "reg_lambda": 1.0, "subsample": 1.0}, "datetime": {"datetime": "2022-02-02 03:41:27", "elapsed": 4990.437021, "delta": 320.614537}}
{"target": 200.25080077107145, "params": {"gamma": 0.02, "learning_rate": 0.01, "max_depth": 12.0, "n_estimators": 529.1524412363417, "reg_alpha": 3.0, "reg_lambda": 4.0, "subsample": 1.0}, "datetime": {"datetime": "2022-02-02 03:48:55", "elapsed": 5438.300298, "delta": 447.863277}}
{"target": 200.56072680130913, "params": {"gamma": 0.010361617918531954, "learning_rate": 0.16958228672040523, "max_depth": 4.410095508941192, "n_estimators": 510.3171639474654, "reg_alpha": 1.1545761034943007, "reg_lambda": 1.6177313992770972, "subsample": 0.5638849019244063}, "datetime": {"datetime": "2022-02-02 03:50:38", "elapsed": 5541.42224, "delta": 103.121942}}
{"target": 200.32401607940528, "params": {"gamma": 0.008987575557777084, "learning_rate": 0.06135926704148368, "max_depth": 3.207923234983654, "n_estimators": 445.1402733891741, "reg_alpha": 2.148232041294077, "reg_lambda": 2.1794037296116624, "subsample": 0.7528083234355794}, "datetime": {"datetime": "2022-02-02 03:52:00", "elapsed": 5623.137916, "delta": 81.715676}}
{"target": 200.524261672219, "params": {"gamma": 0.0005200583469981335, "learning_rate": 0.23190903383367828, "max_depth": 11.894877545758389, "n_estimators": 427.63606606347815, "reg_alpha": 2.7769085771891597, "reg_lambda": 1.2560355498697149, "subsample": 0.8904767230050861}, "datetime": {"datetime": "2022-02-02 03:56:03", "elapsed": 5866.521634, "delta": 243.383718}}
{"target": 200.51356929776233, "params": {"gamma": 0.003060363035142175, "learning_rate": 0.1259377534674059, "max_depth": 5.035414974700287, "n_estimators": 339.91675004540207, "reg_alpha": 0.10047254061091604, "reg_lambda": 3.385138569690979, "subsample": 0.8941312141377183}, "datetime": {"datetime": "2022-02-02 03:57:51", "elapsed": 5974.170273, "delta": 107.648639}}
{"target": 200.34745290130434, "params": {"gamma": 0.011245570811799202, "learning_rate": 0.16709494564902752, "max_depth": 3.7728169609893287, "n_estimators": 193.05547628533355, "reg_alpha": 2.109200322578263, "reg_lambda": 2.5669595222112935, "subsample": 0.7310826906690446}, "datetime": {"datetime": "2022-02-02 03:58:29", "elapsed": 6011.864208, "delta": 37.693935}}
{"target": 200.06851175528135, "params": {"gamma": 0.012414581428259925, "learning_rate": 0.06600233810359914, "max_depth": 3.2115000539456395, "n_estimators": 172.3396639929398, "reg_alpha": 2.7574309020056695, "reg_lambda": 2.3440745926687687, "subsample": 0.8920032222398746}, "datetime": {"datetime": "2022-02-02 03:59:06", "elapsed": 6049.616114, "delta": 37.751906}}
{"target": 200.51297231893514, "params": {"gamma": 0.0034535512892045683, "learning_rate": 0.19150887316729012, "max_depth": 11.224970640164054, "n_estimators": 642.3526156789171, "reg_alpha": 2.666843265530152, "reg_lambda": 1.026611390966436, "subsample": 0.609209425546593}, "datetime": {"datetime": "2022-02-02 04:03:46", "elapsed": 6329.297357, "delta": 279.681243}}
{"target": 200.25183731791367, "params": {"gamma": 0.011978021737984151, "learning_rate": 0.012264418494435693, "max_depth": 6.29539804969293, "n_estimators": 570.5924921581963, "reg_alpha": 0.3396913135081481, "reg_lambda": 1.4988990864880116, "subsample": 0.7928714272344342}, "datetime": {"datetime": "2022-02-02 04:07:09", "elapsed": 6532.256035, "delta": 202.958678}}
{"target": 200.52505483681435, "params": {"gamma": 0.004185578087527373, "learning_rate": 0.10937097160510946, "max_depth": 11.709156513367123, "n_estimators": 416.4373121795694, "reg_alpha": 0.13584567609466824, "reg_lambda": 1.284188974934756, "subsample": 0.8697696943645625}, "datetime": {"datetime": "2022-02-02 04:11:29", "elapsed": 6792.05777, "delta": 259.801735}}
{"target": 200.3708775893409, "params": {"gamma": 0.010168158073445668, "learning_rate": 0.030662513301274955, "max_depth": 11.985035529908721, "n_estimators": 269.0805816774547, "reg_alpha": 2.965447108401356, "reg_lambda": 1.0066887352014158, "subsample": 0.9763004100483741}, "datetime": {"datetime": "2022-02-02 04:14:57", "elapsed": 7000.486324, "delta": 208.428554}}
{"target": 200.5444244907156, "params": {"gamma": 0.02, "learning_rate": 0.3, "max_depth": 3.0, "n_estimators": 484.35528768361246, "reg_alpha": 3.0, "reg_lambda": 1.0, "subsample": 1.0}, "datetime": {"datetime": "2022-02-02 04:16:37", "elapsed": 7100.479974, "delta": 99.99365}}
{"target": 200.5637641123416, "params": {"gamma": 0.011893502249918246, "learning_rate": 0.10077125706906055, "max_depth": 11.92802748676153, "n_estimators": 477.52118513544684, "reg_alpha": 1.1509034215023544, "reg_lambda": 1.6699490680595783, "subsample": 0.600920993955816}, "datetime": {"datetime": "2022-02-02 04:20:38", "elapsed": 7341.662991, "delta": 241.183017}}
{"target": 199.18134522029186, "params": {"gamma": 0.0, "learning_rate": 0.01, "max_depth": 3.0, "n_estimators": 472.9159719763303, "reg_alpha": 0.0, "reg_lambda": 4.0, "subsample": 1.0}, "datetime": {"datetime": "2022-02-02 04:22:15", "elapsed": 7438.449317, "delta": 96.786326}}
{"target": 200.50055039549392, "params": {"gamma": 0.014058258561981394, "learning_rate": 0.04829440011381404, "max_depth": 11.826367904024893, "n_estimators": 486.78207735693, "reg_alpha": 0.9040871388952765, "reg_lambda": 1.2699354553521272, "subsample": 0.8708019180672522}, "datetime": {"datetime": "2022-02-02 04:27:43", "elapsed": 7766.749992, "delta": 328.300675}}
{"target": 200.57801904611884, "params": {"gamma": 0.01405120236473313, "learning_rate": 0.20620661253933106, "max_depth": 3.1109119723126373, "n_estimators": 622.2060189644905, "reg_alpha": 0.08621869810297944, "reg_lambda": 3.0384676553348946, "subsample": 0.8541033393074562}, "datetime": {"datetime": "2022-02-02 04:29:41", "elapsed": 7883.963521, "delta": 117.213529}}
{"target": 200.55147188776914, "params": {"gamma": 0.0073072004011771035, "learning_rate": 0.20286232862366144, "max_depth": 11.337756091024294, "n_estimators": 360.45963896379357, "reg_alpha": 0.2678942933901928, "reg_lambda": 3.5875461573845926, "subsample": 0.6117859627147355}, "datetime": {"datetime": "2022-02-02 04:32:35", "elapsed": 8057.993846, "delta": 174.030325}}
{"target": 200.47253382072384, "params": {"gamma": 0.02, "learning_rate": 0.3, "max_depth": 3.0, "n_estimators": 637.9469339268161, "reg_alpha": 3.0, "reg_lambda": 4.0, "subsample": 0.5}, "datetime": {"datetime": "2022-02-02 04:34:07", "elapsed": 8150.021428, "delta": 92.027582}}
{"target": 200.51274055507196, "params": {"gamma": 0.006373129451861149, "learning_rate": 0.16770772440626097, "max_depth": 12.0, "n_estimators": 291.1485787114957, "reg_alpha": 3.0, "reg_lambda": 4.0, "subsample": 0.5310124790220574}, "datetime": {"datetime": "2022-02-02 04:36:38", "elapsed": 8300.951909, "delta": 150.930481}}
{"target": 199.45017703449116, "params": {"gamma": 0.0, "learning_rate": 0.01, "max_depth": 3.0, "n_estimators": 546.0535115496904, "reg_alpha": 0.0, "reg_lambda": 1.0, "subsample": 1.0}, "datetime": {"datetime": "2022-02-02 04:38:28", "elapsed": 8411.714927, "delta": 110.763018}}
{"target": 200.58277520671766, "params": {"gamma": 0.007096457705886659, "learning_rate": 0.25259227862524025, "max_depth": 11.94446366228651, "n_estimators": 509.8315638510147, "reg_alpha": 1.6130966427699576, "reg_lambda": 3.9851946471719164, "subsample": 0.7753386184812397}, "datetime": {"datetime": "2022-02-02 04:42:53", "elapsed": 8676.559546, "delta": 264.844619}}
{"target": 200.16756190992726, "params": {"gamma": 0.0069485959591491465, "learning_rate": 0.05131704731192627, "max_depth": 3.161101901392237, "n_estimators": 295.8885089397327, "reg_alpha": 1.637366040020368, "reg_lambda": 3.2752724047509876, "subsample": 0.7944264028237242}, "datetime": {"datetime": "2022-02-02 04:43:50", "elapsed": 8733.51278, "delta": 56.953234}}
{"target": 200.4536155669468, "params": {"gamma": 0.007283318773263546, "learning_rate": 0.13644037686179214, "max_depth": 3.26686319229107, "n_estimators": 412.55836102356255, "reg_alpha": 0.2407349500814837, "reg_lambda": 3.7878363465859604, "subsample": 0.5619702367279594}, "datetime": {"datetime": "2022-02-02 04:44:56", "elapsed": 8799.071848, "delta": 65.559068}}
{"target": 200.21711878562115, "params": {"gamma": 0.02, "learning_rate": 0.01, "max_depth": 12.0, "n_estimators": 439.3702529010345, "reg_alpha": 3.0, "reg_lambda": 4.0, "subsample": 0.5}, "datetime": {"datetime": "2022-02-02 04:49:04", "elapsed": 9047.752057, "delta": 248.680209}}
{"target": 200.1865676859962, "params": {"gamma": 0.005965376576549017, "learning_rate": 0.014509046125471804, "max_depth": 11.521786061599851, "n_estimators": 280.8365008159773, "reg_alpha": 2.6003990592155715, "reg_lambda": 3.9649994905289576, "subsample": 0.6397544738439762}, "datetime": {"datetime": "2022-02-02 04:51:56", "elapsed": 9219.43563, "delta": 171.683573}}
{"target": 198.44889405528127, "params": {"gamma": 0.0, "learning_rate": 0.01, "max_depth": 3.0, "n_estimators": 360.7698549397773, "reg_alpha": 0.0, "reg_lambda": 1.0, "subsample": 1.0}, "datetime": {"datetime": "2022-02-02 04:53:12", "elapsed": 9294.971241, "delta": 75.535611}}
{"target": 200.58092865958014, "params": {"gamma": 0.01173855386029513, "learning_rate": 0.28476050856076124, "max_depth": 6.057212191574559, "n_estimators": 618.8612330524734, "reg_alpha": 2.4360499619535583, "reg_lambda": 3.5792982463755783, "subsample": 0.8442429975800728}, "datetime": {"datetime": "2022-02-02 04:56:58", "elapsed": 9521.393174, "delta": 226.421933}}
{"target": 200.58169501195775, "params": {"gamma": 0.011664092989001567, "learning_rate": 0.26250461786713664, "max_depth": 8.700728995399503, "n_estimators": 514.6103755754355, "reg_alpha": 2.04834554414001, "reg_lambda": 3.362396904434194, "subsample": 0.7927340458343508}, "datetime": {"datetime": "2022-02-02 05:00:43", "elapsed": 9746.633155, "delta": 225.239981}}
{"target": 200.538926249971, "params": {"gamma": 0.008057619703907082, "learning_rate": 0.22180359817121476, "max_depth": 8.108467888561094, "n_estimators": 612.4402638000819, "reg_alpha": 1.62414772876105, "reg_lambda": 2.5403056491903913, "subsample": 0.6577582715831084}, "datetime": {"datetime": "2022-02-02 05:04:43", "elapsed": 9985.957269, "delta": 239.324114}}
{"target": 200.54289081633902, "params": {"gamma": 0.010893000548677943, "learning_rate": 0.10276317029843347, "max_depth": 5.289861922344138, "n_estimators": 429.3031266350884, "reg_alpha": 0.7879369505986044, "reg_lambda": 2.1471023176695567, "subsample": 0.8094580909707352}, "datetime": {"datetime": "2022-02-02 05:06:52", "elapsed": 10115.371029, "delta": 129.41376}}
{"target": 200.42617903043688, "params": {"gamma": 0.013946435927047604, "learning_rate": 0.3, "max_depth": 4.235177832608274, "n_estimators": 346.5772157501479, "reg_alpha": 3.0, "reg_lambda": 4.0, "subsample": 0.5}, "datetime": {"datetime": "2022-02-02 05:08:02", "elapsed": 10184.896571, "delta": 69.525542}}
