{"target": 165.02923986488375, "params": {"gamma": 0.005612974569488291, "learning_rate": 0.08611621127295442, "max_depth": 2.570205599311933, "n_estimators": 376.4900667331714, "reg_alpha": 0.29514406882765754, "reg_lambda": 3.151578835202594}, "datetime": {"datetime": "2022-02-08 05:02:11", "elapsed": 0.0, "delta": 0.0}}
{"target": 160.53315171901653, "params": {"gamma": 0.02, "learning_rate": 0.01, "max_depth": 2.0, "n_estimators": 376.4198867874482, "reg_alpha": 2.3520636183501518, "reg_lambda": 1.0}, "datetime": {"datetime": "2022-02-08 05:06:07", "elapsed": 235.640149, "delta": 235.640149}}
{"target": 162.41529062275893, "params": {"gamma": 0.016971952401870237, "learning_rate": 0.18681043375080283, "max_depth": 2.120109072603143, "n_estimators": 373.8815776614455, "reg_alpha": 2.0956318796336957, "reg_lambda": 3.9336131663509466}, "datetime": {"datetime": "2022-02-08 05:10:08", "elapsed": 476.327112, "delta": 240.686963}}
{"target": 160.66492823478248, "params": {"gamma": 0.02, "learning_rate": 0.01, "max_depth": 3.180897489900433, "n_estimators": 378.15735728617585, "reg_alpha": 3.0, "reg_lambda": 4.0}, "datetime": {"datetime": "2022-02-08 05:15:53", "elapsed": 821.471858, "delta": 345.144746}}
{"target": 146.88725077218615, "params": {"gamma": 0.0, "learning_rate": 0.3, "max_depth": 3.40330182298685, "n_estimators": 380.21372242778915, "reg_alpha": 0.0, "reg_lambda": 1.5188090091098676}, "datetime": {"datetime": "2022-02-08 05:21:45", "elapsed": 1173.476232, "delta": 352.004374}}
{"target": 165.27404474740158, "params": {"gamma": 0.0021251320995758194, "learning_rate": 0.13476891422365986, "max_depth": 2.63288565880194, "n_estimators": 373.16822291132564, "reg_alpha": 0.032931157337404815, "reg_lambda": 2.3331036199432957}, "datetime": {"datetime": "2022-02-08 05:25:43", "elapsed": 1412.107964, "delta": 238.631732}}
{"target": 163.70746525629215, "params": {"gamma": 0.01505119985855627, "learning_rate": 0.1864666075165974, "max_depth": 2.0037077155689724, "n_estimators": 357.8101125652402, "reg_alpha": 0.41425541026310053, "reg_lambda": 3.171346348450456}, "datetime": {"datetime": "2022-02-08 05:29:32", "elapsed": 1640.611582, "delta": 228.503618}}
{"target": 166.57212978031222, "params": {"gamma": 0.014581247553815839, "learning_rate": 0.04883497509495929, "max_depth": 2.3149671807631123, "n_estimators": 354.23693762694234, "reg_alpha": 0.0005159722239686436, "reg_lambda": 1.6007183154153475}, "datetime": {"datetime": "2022-02-08 05:33:18", "elapsed": 1866.636366, "delta": 226.024784}}
{"target": 134.49140380250645, "params": {"gamma": 0.01722021960773206, "learning_rate": 0.3, "max_depth": 4.680611979702584, "n_estimators": 354.68336357910323, "reg_alpha": 1.4041835381633656, "reg_lambda": 4.0}, "datetime": {"datetime": "2022-02-08 05:40:35", "elapsed": 2304.039271, "delta": 437.402905}}
{"target": 160.2221356669865, "params": {"gamma": 0.0, "learning_rate": 0.01, "max_depth": 2.0, "n_estimators": 356.6898136745718, "reg_alpha": 0.0, "reg_lambda": 1.0}, "datetime": {"datetime": "2022-02-08 05:44:17", "elapsed": 2525.949521, "delta": 221.91025}}
{"target": 160.48697697452684, "params": {"gamma": 0.02, "learning_rate": 0.01, "max_depth": 2.0, "n_estimators": 361.0708329065602, "reg_alpha": 0.0, "reg_lambda": 3.425854344060099}, "datetime": {"datetime": "2022-02-08 05:48:03", "elapsed": 2751.704447, "delta": 225.754926}}
{"target": 160.2396537188885, "params": {"gamma": 0.0, "learning_rate": 0.01, "max_depth": 2.0, "n_estimators": 351.47897721166623, "reg_alpha": 0.0, "reg_lambda": 1.0}, "datetime": {"datetime": "2022-02-08 05:51:44", "elapsed": 2973.11578, "delta": 221.411333}}
{"target": 165.9589495441991, "params": {"gamma": 0.005027576280837585, "learning_rate": 0.055408439327281706, "max_depth": 2.132796799925922, "n_estimators": 360.60136444040126, "reg_alpha": 2.732359791511442, "reg_lambda": 1.942858785611005}, "datetime": {"datetime": "2022-02-08 05:55:36", "elapsed": 3204.607794, "delta": 231.492014}}
{"target": 151.3518087673819, "params": {"gamma": 0.007784144922611942, "learning_rate": 0.06652598681701952, "max_depth": 5.391115435455116, "n_estimators": 362.13943234996475, "reg_alpha": 2.647376877936266, "reg_lambda": 1.5934302887151766}, "datetime": {"datetime": "2022-02-08 06:04:56", "elapsed": 3764.524751, "delta": 559.916957}}
{"target": 163.1881456615081, "params": {"gamma": 0.013642208815682785, "learning_rate": 0.18830741574764892, "max_depth": 2.03384918811334, "n_estimators": 360.6220328296825, "reg_alpha": 2.829793862735917, "reg_lambda": 3.80926878481921}, "datetime": {"datetime": "2022-02-08 06:08:48", "elapsed": 3997.213195, "delta": 232.688444}}
{"target": 160.17259987655706, "params": {"gamma": 0.02, "learning_rate": 0.01, "max_depth": 2.0, "n_estimators": 343.9246712342516, "reg_alpha": 0.0, "reg_lambda": 1.0}, "datetime": {"datetime": "2022-02-08 06:12:23", "elapsed": 4211.328848, "delta": 214.115653}}
{"target": 159.96455549633797, "params": {"gamma": 0.014854173419942877, "learning_rate": 0.01, "max_depth": 2.0, "n_estimators": 339.478994001613, "reg_alpha": 0.0, "reg_lambda": 1.0}, "datetime": {"datetime": "2022-02-08 06:15:55", "elapsed": 4423.626679, "delta": 212.297831}}
{"target": 160.09528300190553, "params": {"gamma": 0.0, "learning_rate": 0.01, "max_depth": 2.0, "n_estimators": 341.77701713388296, "reg_alpha": 2.8630206402317184, "reg_lambda": 3.6811844386374357}, "datetime": {"datetime": "2022-02-08 06:19:31", "elapsed": 4639.503221, "delta": 215.876542}}
{"target": 151.50019634017514, "params": {"gamma": 0.010324576374136099, "learning_rate": 0.01, "max_depth": 5.5226028620212775, "n_estimators": 341.74944728814245, "reg_alpha": 1.8410701734015753, "reg_lambda": 1.0}, "datetime": {"datetime": "2022-02-08 06:28:04", "elapsed": 5153.238782, "delta": 513.735561}}
