{"target": 168.03291859051964, "params": {"gamma": 0.00834044009405148, "learning_rate": 0.21889410309822585, "max_depth": 3.0005718740867247, "n_estimators": 220.9330290527359, "reg_alpha": 0.44026767245133913, "reg_lambda": 1.2770157843063934}, "datetime": {"datetime": "2022-02-07 09:27:52", "elapsed": 0.0, "delta": 0.0}}
{"target": 166.00597951047465, "params": {"gamma": 0.003725204227553418, "learning_rate": 0.11021261084248384, "max_depth": 4.983837371153349, "n_estimators": 315.5266936013428, "reg_alpha": 1.2575835432098845, "reg_lambda": 3.0556585011902784}, "datetime": {"datetime": "2022-02-07 09:34:21", "elapsed": 389.014412, "delta": 389.014412}}
{"target": 154.39230550111427, "params": {"gamma": 0.004089044994630349, "learning_rate": 0.26465405655337415, "max_depth": 3.136937965989631, "n_estimators": 368.1870040713609, "reg_alpha": 1.2519144071013808, "reg_lambda": 2.676069485337255}, "datetime": {"datetime": "2022-02-07 09:40:10", "elapsed": 738.709939, "delta": 349.695527}}
{"target": 150.9973079191554, "params": {"gamma": 0.0028077387719046753, "learning_rate": 0.06744943183461484, "max_depth": 7.003722843377683, "n_estimators": 487.304630287759, "reg_alpha": 0.9402725344777285, "reg_lambda": 3.0769678470079422}, "datetime": {"datetime": "2022-02-07 09:57:28", "elapsed": 1775.877426, "delta": 1037.167487}}
{"target": 161.4878657480847, "params": {"gamma": 0.017527783045920765, "learning_rate": 0.2694359324161157, "max_depth": 3.4252210568488897, "n_estimators": 115.62191329315294, "reg_alpha": 0.5094912586937067, "reg_lambda": 3.6344275102882393}, "datetime": {"datetime": "2022-02-07 09:59:25", "elapsed": 1893.533962, "delta": 117.656536}}
{"target": 170.3592540157209, "params": {"gamma": 0.005701401894344314, "learning_rate": 0.013704881788726538, "max_depth": 3.4962718509306367, "n_estimators": 221.0569701958413, "reg_alpha": 0.7917842947135904, "reg_lambda": 2.1287323205047515}, "datetime": {"datetime": "2022-02-07 10:02:52", "elapsed": 2100.274703, "delta": 206.740741}}
{"target": 160.61706114568275, "params": {"gamma": 0.0, "learning_rate": 0.01, "max_depth": 7.318586266278988, "n_estimators": 222.01340629996093, "reg_alpha": 3.0, "reg_lambda": 4.0}, "datetime": {"datetime": "2022-02-07 10:39:14", "elapsed": 4282.292494, "delta": 2182.017791}}
{"target": 164.52918900374436, "params": {"gamma": 0.017554165820667347, "learning_rate": 0.21410551048535315, "max_depth": 3.6472322700913424, "n_estimators": 218.3855968460486, "reg_alpha": 0.12520637637082654, "reg_lambda": 3.768649020956884}, "datetime": {"datetime": "2022-02-07 10:42:45", "elapsed": 4493.166424, "delta": 210.87393}}
{"target": 169.7884421692975, "params": {"gamma": 0.00856161994732504, "learning_rate": 0.04339057288589189, "max_depth": 3.188510736770641, "n_estimators": 224.20970724474756, "reg_alpha": 1.5936138541667626, "reg_lambda": 2.607484144906463}, "datetime": {"datetime": "2022-02-07 10:46:19", "elapsed": 4707.259043, "delta": 214.092619}}
{"target": 168.15636395186596, "params": {"gamma": 0.007744084826851214, "learning_rate": 0.08429653800193132, "max_depth": 3.496647450784902, "n_estimators": 228.17663030913482, "reg_alpha": 0.03504389183956835, "reg_lambda": 3.9600350237699855}, "datetime": {"datetime": "2022-02-07 10:50:00", "elapsed": 4928.226767, "delta": 220.967724}}
{"target": 167.5338361075255, "params": {"gamma": 0.02, "learning_rate": 0.01, "max_depth": 6.149640477408447, "n_estimators": 226.17651882049424, "reg_alpha": 0.0, "reg_lambda": 1.0}, "datetime": {"datetime": "2022-02-07 10:56:45", "elapsed": 5333.319276, "delta": 405.092509}}
{"target": 169.4436054922722, "params": {"gamma": 0.02, "learning_rate": 0.01, "max_depth": 3.0, "n_estimators": 230.26998534783576, "reg_alpha": 3.0, "reg_lambda": 1.0}, "datetime": {"datetime": "2022-02-07 11:00:21", "elapsed": 5549.33446, "delta": 216.015184}}
{"target": 165.79124625737134, "params": {"gamma": 0.0015265926780709104, "learning_rate": 0.06850606537855254, "max_depth": 6.012871089538928, "n_estimators": 233.68551230573615, "reg_alpha": 2.125214861245102, "reg_lambda": 2.597120847421536}, "datetime": {"datetime": "2022-02-07 11:07:27", "elapsed": 5975.099178, "delta": 425.764718}}
{"target": 167.4326650918055, "params": {"gamma": 0.00021587925548263313, "learning_rate": 0.1274218859605477, "max_depth": 4.083505754834755, "n_estimators": 322.96546731566343, "reg_alpha": 0.7796611643940148, "reg_lambda": 3.0706237849381983}, "datetime": {"datetime": "2022-02-07 11:14:02", "elapsed": 6369.859998, "delta": 394.76082}}
{"target": 159.93051763124717, "params": {"gamma": 0.005142952331521127, "learning_rate": 0.2262714529338353, "max_depth": 7.563441757275987, "n_estimators": 327.09815269322337, "reg_alpha": 2.839514984662002, "reg_lambda": 2.255472655974574}, "datetime": {"datetime": "2022-02-07 11:26:03", "elapsed": 7090.966318, "delta": 721.10632}}
{"target": 159.0615036792355, "params": {"gamma": 0.02, "learning_rate": 0.3, "max_depth": 6.304322254870554, "n_estimators": 228.87490826142908, "reg_alpha": 3.0, "reg_lambda": 3.0776169507585407}, "datetime": {"datetime": "2022-02-07 11:33:14", "elapsed": 7521.917864, "delta": 430.951546}}
{"target": 168.70681219606394, "params": {"gamma": 0.0009094084718622742, "learning_rate": 0.10557542417142683, "max_depth": 3.298682053740934, "n_estimators": 231.49967142494285, "reg_alpha": 0.1356911169873426, "reg_lambda": 1.5349688102068733}, "datetime": {"datetime": "2022-02-07 11:36:59", "elapsed": 7747.386143, "delta": 225.468279}}
{"target": 169.5873260577579, "params": {"gamma": 0.02, "learning_rate": 0.01, "max_depth": 3.0, "n_estimators": 235.63033280997993, "reg_alpha": 3.0, "reg_lambda": 1.0}, "datetime": {"datetime": "2022-02-07 11:40:38", "elapsed": 7966.292054, "delta": 218.905911}}
{"target": 171.5298433886945, "params": {"gamma": 0.014923466105909564, "learning_rate": 0.024208803086278485, "max_depth": 3.5998321727482, "n_estimators": 239.02756791038306, "reg_alpha": 0.0280680866942995, "reg_lambda": 1.7507915542615868}, "datetime": {"datetime": "2022-02-07 11:44:24", "elapsed": 8192.072989, "delta": 225.780935}}
{"target": 163.55136058766357, "params": {"gamma": 0.0, "learning_rate": 0.3, "max_depth": 3.0, "n_estimators": 241.60390132640583, "reg_alpha": 3.0, "reg_lambda": 1.0}, "datetime": {"datetime": "2022-02-07 11:48:16", "elapsed": 8424.322756, "delta": 232.249767}}
{"target": 165.88688104507455, "params": {"gamma": 0.0075857533052085474, "learning_rate": 0.0427214816734395, "max_depth": 7.1514784898666965, "n_estimators": 238.2532073903643, "reg_alpha": 0.46992622368620673, "reg_lambda": 3.214827236390588}, "datetime": {"datetime": "2022-02-07 11:56:32", "elapsed": 8920.338413, "delta": 496.015657}}
{"target": 171.54853082948483, "params": {"gamma": 0.012336088870867772, "learning_rate": 0.026280036294451435, "max_depth": 3.3414992660876672, "n_estimators": 238.39397167134013, "reg_alpha": 0.7475254272445835, "reg_lambda": 3.9497842498379585}, "datetime": {"datetime": "2022-02-07 12:00:18", "elapsed": 9145.939023, "delta": 225.60061}}
{"target": 163.2460079161748, "params": {"gamma": 0.006355071794070954, "learning_rate": 0.26174630239882424, "max_depth": 3.287325180062549, "n_estimators": 236.39916599174802, "reg_alpha": 0.2806264013268981, "reg_lambda": 1.6529769838851145}, "datetime": {"datetime": "2022-02-07 12:04:03", "elapsed": 9370.831453, "delta": 224.89243}}
{"target": 167.10636329923213, "params": {"gamma": 0.01787477987178329, "learning_rate": 0.2053481864661018, "max_depth": 3.293329223953873, "n_estimators": 241.10741923553968, "reg_alpha": 0.5069332960620899, "reg_lambda": 3.927765801867629}, "datetime": {"datetime": "2022-02-07 12:07:52", "elapsed": 9600.424176, "delta": 229.592723}}
{"target": 171.4575589599236, "params": {"gamma": 0.00017674278607713535, "learning_rate": 0.02281197251953826, "max_depth": 4.1704328193575595, "n_estimators": 239.0642349585855, "reg_alpha": 2.0669356178134612, "reg_lambda": 3.085391415462278}, "datetime": {"datetime": "2022-02-07 12:12:43", "elapsed": 9890.96289, "delta": 290.538714}}
