{"target": 197.61081940286746, "params": {"gamma": 0.00649722228100782, "learning_rate": 0.15520462627658543, "max_depth": 6.200252005188568, "n_estimators": 267.7105073357295, "reg_alpha": 0.9523126911858633, "reg_lambda": 2.3599076472709486, "subsample": 0.793268375556868}, "datetime": {"datetime": "2022-02-01 00:46:59", "elapsed": 0.0, "delta": 0.0}}
{"target": 197.61081940286746, "params": {"gamma": 0.00649722228100782, "learning_rate": 0.15520462627658543, "max_depth": 6.200252005188568, "n_estimators": 267.7105073357295, "reg_alpha": 0.9523126911858633, "reg_lambda": 2.3599076472709486, "subsample": 0.793268375556868}, "datetime": {"datetime": "2022-02-01 00:46:59", "elapsed": 0.016109, "delta": 0.016109}}
{"target": 197.618409544527, "params": {"gamma": 0.0005477518639585233, "learning_rate": 0.20443557795173664, "max_depth": 5.086524011835635, "n_estimators": 323.47593137830063, "reg_alpha": 0.4211608157857013, "reg_lambda": 1.5943044672546365, "subsample": 0.9003722843377684}, "datetime": {"datetime": "2022-02-01 00:54:31", "elapsed": 451.748212, "delta": 451.732103}}
{"target": 197.63344592561054, "params": {"gamma": 0.019365231514387952, "learning_rate": 0.10089301166618041, "max_depth": 6.46161307834657, "n_estimators": 450.5556609184153, "reg_alpha": 2.683819990511542, "reg_lambda": 1.2551326341093336, "subsample": 0.5195273916164411}, "datetime": {"datetime": "2022-02-01 01:04:04", "elapsed": 1025.226882, "delta": 573.47867}}
{"target": 197.39098338990254, "params": {"gamma": 0.003396608391291378, "learning_rate": 0.2646613259945298, "max_depth": 3.4917341691652504, "n_estimators": 268.44305000202087, "reg_alpha": 2.873668590451506, "reg_lambda": 2.599495854919051, "subsample": 0.8459385569752367}, "datetime": {"datetime": "2022-02-01 01:07:55", "elapsed": 1255.900195, "delta": 230.673313}}
{"target": 197.61573646386825, "params": {"gamma": 0.006310312620121259, "learning_rate": 0.20908526902765925, "max_depth": 7.1731283594868644, "n_estimators": 107.31531093767673, "reg_alpha": 2.2504329448349023, "reg_lambda": 3.9665832667194842, "subsample": 0.8740828271899197}, "datetime": {"datetime": "2022-02-01 01:11:29", "elapsed": 1470.219698, "delta": 214.319503}}
{"target": 197.36222038924112, "params": {"gamma": 0.005608879841288104, "learning_rate": 0.23889100525093165, "max_depth": 3.51613003288821, "n_estimators": 279.15741047036204, "reg_alpha": 2.7257865092792866, "reg_lambda": 1.8808424451210386, "subsample": 0.6438876692931743}, "datetime": {"datetime": "2022-02-01 01:14:57", "elapsed": 1678.12062, "delta": 207.900922}}
{"target": 195.73890918731104, "params": {"gamma": 0.0026005714423655533, "learning_rate": 0.015616417782386151, "max_depth": 6.394177664699455, "n_estimators": 184.6512464000236, "reg_alpha": 0.7966399781166786, "reg_lambda": 2.474719477841015, "subsample": 0.5266812725585401}, "datetime": {"datetime": "2022-02-01 01:18:47", "elapsed": 1908.360214, "delta": 230.239594}}
{"target": 197.44026801368886, "params": {"gamma": 0.011482352109840261, "learning_rate": 0.05255128672268494, "max_depth": 5.946527684516421, "n_estimators": 379.90334400837247, "reg_alpha": 0.3070032864834775, "reg_lambda": 2.242167963458705, "subsample": 0.8472000788638725}, "datetime": {"datetime": "2022-02-01 01:27:12", "elapsed": 2412.991367, "delta": 504.631153}}
{"target": 196.61997737194508, "params": {"gamma": 0.008283585390538053, "learning_rate": 0.024486503094365276, "max_depth": 5.679482029577558, "n_estimators": 365.5178580879155, "reg_alpha": 1.5446673361749257, "reg_lambda": 3.83378426797244, "subsample": 0.7932775202509965}, "datetime": {"datetime": "2022-02-01 01:34:54", "elapsed": 2874.923413, "delta": 461.932046}}
{"target": 196.48326768361497, "params": {"gamma": 0.01806803830575767, "learning_rate": 0.04986766420240888, "max_depth": 3.6963817362537927, "n_estimators": 422.95651548380954, "reg_alpha": 1.1930305109566008, "reg_lambda": 1.4960625913507983, "subsample": 0.963754290198017}, "datetime": {"datetime": "2022-02-01 01:41:09", "elapsed": 3250.22744, "delta": 375.304027}}
{"target": 197.6629944465675, "params": {"gamma": 0.006955317194910131, "learning_rate": 0.2277355099094851, "max_depth": 6.629989926752257, "n_estimators": 453.32243648232395, "reg_alpha": 1.8710166211668267, "reg_lambda": 3.2528273020820118, "subsample": 0.6744491709889213}, "datetime": {"datetime": "2022-02-01 01:52:10", "elapsed": 3911.163231, "delta": 660.935791}}
{"target": 197.57829197627703, "params": {"gamma": 0.017625245892041095, "learning_rate": 0.20184628832308749, "max_depth": 5.176604406657567, "n_estimators": 452.7865010728269, "reg_alpha": 2.4477917779373115, "reg_lambda": 1.3945077488845343, "subsample": 0.554616671192577}, "datetime": {"datetime": "2022-02-01 02:00:31", "elapsed": 4411.932826, "delta": 500.769595}}
{"target": 197.07530286348344, "params": {"gamma": 0.011903001169316224, "learning_rate": 0.014680376217517725, "max_depth": 7.862158411707791, "n_estimators": 453.2417092969676, "reg_alpha": 2.5127282852224235, "reg_lambda": 1.0543052308131369, "subsample": 0.5347547061001463}, "datetime": {"datetime": "2022-02-01 02:11:08", "elapsed": 5049.309273, "delta": 637.376447}}
{"target": 197.5671744969106, "params": {"gamma": 0.011435716850430074, "learning_rate": 0.0891366075046687, "max_depth": 5.300780854939311, "n_estimators": 451.3620573748602, "reg_alpha": 1.0702777607005478, "reg_lambda": 3.2620670650946795, "subsample": 0.5891078781699544}, "datetime": {"datetime": "2022-02-01 02:19:33", "elapsed": 5554.018718, "delta": 504.709445}}
{"target": 197.41355548530512, "params": {"gamma": 0.019987237431028586, "learning_rate": 0.22685288098593676, "max_depth": 3.9721907720300655, "n_estimators": 450.36473565606474, "reg_alpha": 2.937596928783221, "reg_lambda": 1.7775068646791663, "subsample": 0.7575971118520282}, "datetime": {"datetime": "2022-02-01 02:25:28", "elapsed": 5909.002627, "delta": 354.983909}}
{"target": 197.40317053664708, "params": {"gamma": 0.016767381440653525, "learning_rate": 0.13456142080650607, "max_depth": 4.819103771074239, "n_estimators": 453.9082451588307, "reg_alpha": 1.2256698016490302, "reg_lambda": 3.121727168657995, "subsample": 0.5549633674271925}, "datetime": {"datetime": "2022-02-01 02:32:07", "elapsed": 6307.546804, "delta": 398.544177}}
{"target": 197.20883492564607, "params": {"gamma": 0.0008083301594372094, "learning_rate": 0.02518488682420275, "max_depth": 6.519357740881757, "n_estimators": 450.7592577809262, "reg_alpha": 2.980610764861831, "reg_lambda": 3.914312147328479, "subsample": 0.8518231040657837}, "datetime": {"datetime": "2022-02-01 02:43:58", "elapsed": 7019.418868, "delta": 711.872064}}
{"target": 194.96188501908682, "params": {"gamma": 0.019788853001769784, "learning_rate": 0.01241288223204192, "max_depth": 5.521957312612162, "n_estimators": 274.3337588821214, "reg_alpha": 2.975391987695141, "reg_lambda": 3.648457159088907, "subsample": 0.6458283524991695}, "datetime": {"datetime": "2022-02-01 02:49:11", "elapsed": 7331.673416, "delta": 312.254548}}
{"target": 197.52374705665736, "params": {"gamma": 0.02, "learning_rate": 0.3, "max_depth": 7.769086341854948, "n_estimators": 266.1562651395321, "reg_alpha": 2.385153034540795, "reg_lambda": 2.825198772646438, "subsample": 0.5}, "datetime": {"datetime": "2022-02-01 02:55:50", "elapsed": 7731.165551, "delta": 399.492135}}
{"target": 197.68986629007938, "params": {"gamma": 0.016209025681847, "learning_rate": 0.3, "max_depth": 5.639939173490467, "n_estimators": 451.23332406533183, "reg_alpha": 0.7708007563602511, "reg_lambda": 1.017130580951124, "subsample": 1.0}, "datetime": {"datetime": "2022-02-01 03:06:37", "elapsed": 8378.016891, "delta": 646.85134}}
{"target": 197.5322276200284, "params": {"gamma": 0.00944206866481388, "learning_rate": 0.050575733752793346, "max_depth": 6.619126244157531, "n_estimators": 452.4433192857238, "reg_alpha": 0.4447762471017087, "reg_lambda": 2.3286009252210382, "subsample": 0.8668585113961895}, "datetime": {"datetime": "2022-02-01 03:18:42", "elapsed": 9103.078666, "delta": 725.061775}}
{"target": 197.6670274248263, "params": {"gamma": 0.014485447264268897, "learning_rate": 0.2680183930412874, "max_depth": 5.5545379477359855, "n_estimators": 449.4646684939402, "reg_alpha": 0.5544443565691153, "reg_lambda": 1.7870602886869156, "subsample": 0.8229531591850496}, "datetime": {"datetime": "2022-02-01 03:28:38", "elapsed": 9698.591889, "delta": 595.513223}}
{"target": 197.75487611889196, "params": {"gamma": 0.012538424112670695, "learning_rate": 0.2992206416606937, "max_depth": 7.618611276278063, "n_estimators": 450.28976049511635, "reg_alpha": 0.04552220341043589, "reg_lambda": 2.114868647464591, "subsample": 0.9538558494464219}, "datetime": {"datetime": "2022-02-01 03:43:35", "elapsed": 10596.39424, "delta": 897.802351}}
{"target": 197.73731974578814, "params": {"gamma": 0.001376224208560728, "learning_rate": 0.09949447761706104, "max_depth": 7.789827876332242, "n_estimators": 448.12264422181187, "reg_alpha": 1.8469747374940777, "reg_lambda": 1.1784314959588382, "subsample": 0.9846343499904369}, "datetime": {"datetime": "2022-02-01 03:58:57", "elapsed": 11517.779718, "delta": 921.385478}}
{"target": 197.67254909443295, "params": {"gamma": 0.003203448935359978, "learning_rate": 0.21499079782863717, "max_depth": 7.921846145745859, "n_estimators": 448.120109421349, "reg_alpha": 0.5072945530854317, "reg_lambda": 3.2355606061911204, "subsample": 0.9024219079992359}, "datetime": {"datetime": "2022-02-01 04:13:36", "elapsed": 12397.47495, "delta": 879.695232}}
{"target": 197.63188126434537, "params": {"gamma": 0.019780675471743708, "learning_rate": 0.2743498963628091, "max_depth": 6.555608003744012, "n_estimators": 447.4077813021303, "reg_alpha": 0.4565598580382364, "reg_lambda": 1.351048879208835, "subsample": 0.6907150556303399}, "datetime": {"datetime": "2022-02-01 04:24:31", "elapsed": 13052.06619, "delta": 654.59124}}
{"target": 197.61942706951774, "params": {"gamma": 0.009746039420247446, "learning_rate": 0.273492951157924, "max_depth": 6.172957044452969, "n_estimators": 447.4132621340412, "reg_alpha": 2.7723884714966918, "reg_lambda": 2.738446657917196, "subsample": 0.7812422454122785}, "datetime": {"datetime": "2022-02-01 04:36:19", "elapsed": 13760.132237, "delta": 708.066047}}
{"target": 197.7934929693775, "params": {"gamma": 0.0020145763174826904, "learning_rate": 0.20413432780278518, "max_depth": 7.367761883427484, "n_estimators": 445.08013445834183, "reg_alpha": 1.3160566877700597, "reg_lambda": 2.9169441730452745, "subsample": 0.9480037033265951}, "datetime": {"datetime": "2022-02-01 04:51:34", "elapsed": 14675.27246, "delta": 915.140223}}
{"target": 197.8664116054108, "params": {"gamma": 0.006712673410003074, "learning_rate": 0.20389915711300236, "max_depth": 7.677241858294016, "n_estimators": 446.0418563639728, "reg_alpha": 2.823528366093239, "reg_lambda": 1.3829488352053243, "subsample": 0.9776780494496307}, "datetime": {"datetime": "2022-02-01 05:07:02", "elapsed": 15602.997698, "delta": 927.725238}}
{"target": 197.6603017879886, "params": {"gamma": 8.024462077891315e-05, "learning_rate": 0.28006275233599204, "max_depth": 6.689207805149719, "n_estimators": 443.8979280954849, "reg_alpha": 2.9572109000965017, "reg_lambda": 1.4756793487693953, "subsample": 0.6983743001290079}, "datetime": {"datetime": "2022-02-01 05:18:12", "elapsed": 16273.29324, "delta": 670.295542}}
{"target": 196.97113740678557, "params": {"gamma": 0.0, "learning_rate": 0.01, "max_depth": 8.0, "n_estimators": 445.89501318876137, "reg_alpha": 3.0, "reg_lambda": 3.5761941369685664, "subsample": 1.0}, "datetime": {"datetime": "2022-02-01 05:34:24", "elapsed": 17244.943904, "delta": 971.650664}}
{"target": 197.7897972618144, "params": {"gamma": 0.0, "learning_rate": 0.3, "max_depth": 7.80907668246185, "n_estimators": 445.16420267359206, "reg_alpha": 1.0380941977351674, "reg_lambda": 1.0, "subsample": 1.0}, "datetime": {"datetime": "2022-02-01 05:49:31", "elapsed": 18152.091562, "delta": 907.147658}}
{"target": 195.49562175338855, "params": {"gamma": 0.0, "learning_rate": 0.01, "max_depth": 5.86052429787511, "n_estimators": 445.7525083808554, "reg_alpha": 2.0530428050413803, "reg_lambda": 1.0, "subsample": 1.0}, "datetime": {"datetime": "2022-02-01 05:59:39", "elapsed": 18759.964063, "delta": 607.872501}}
{"target": 197.5205572992876, "params": {"gamma": 0.02, "learning_rate": 0.3, "max_depth": 7.074391041030889, "n_estimators": 449.111598265369, "reg_alpha": 1.3170235613595587, "reg_lambda": 2.1808931146012447, "subsample": 0.5}, "datetime": {"datetime": "2022-02-01 06:10:47", "elapsed": 19428.397353, "delta": 668.43329}}
{"target": 197.49623345196432, "params": {"gamma": 0.0052785944668630866, "learning_rate": 0.25172176232514387, "max_depth": 7.72852011539744, "n_estimators": 446.18234837775105, "reg_alpha": 1.5912509997403084, "reg_lambda": 1.9429873763693983, "subsample": 0.5408744164693561}, "datetime": {"datetime": "2022-02-01 06:22:20", "elapsed": 20121.406688, "delta": 693.009335}}
