{"target": 197.18795011231518, "params": {"gamma": 0.00834044009405148, "learning_rate": 0.21889410309822585, "max_depth": 3.0005718740867247, "n_estimators": 220.9330290527359, "reg_alpha": 0.44026767245133913, "reg_lambda": 1.2770157843063934, "subsample": 0.5931301056888354}, "datetime": {"datetime": "2022-01-31 22:42:24", "elapsed": 0.0, "delta": 0.0}}
{"target": 197.5343750605684, "params": {"gamma": 0.006911214540860955, "learning_rate": 0.12506256752689426, "max_depth": 5.694083670016784, "n_estimators": 267.6778057613179, "reg_alpha": 2.0556585011902784, "reg_lambda": 1.6133567491945522, "subsample": 0.9390587181954727}, "datetime": {"datetime": "2022-01-31 22:48:47", "elapsed": 382.824233, "delta": 382.824233}}
{"target": 197.46831927967992, "params": {"gamma": 0.001596783644917037, "learning_rate": 0.10271180682687638, "max_depth": 5.467881876299744, "n_estimators": 267.13238939142605, "reg_alpha": 0.941902823168691, "reg_lambda": 1.671208183080691, "subsample": 0.7851311106348482}, "datetime": {"datetime": "2022-01-31 22:54:34", "elapsed": 729.285281, "delta": 346.461048}}
{"target": 197.59626860026037, "params": {"gamma": 0.010361192800593465, "learning_rate": 0.19420197071549405, "max_depth": 6.214049009844453, "n_estimators": 272.52844284757316, "reg_alpha": 2.703434032048264, "reg_lambda": 2.54105201328914, "subsample": 0.5678323956709095}, "datetime": {"datetime": "2022-01-31 23:00:42", "elapsed": 1097.362541, "delta": 368.07726}}
{"target": 197.32977896306463, "params": {"gamma": 0.02, "learning_rate": 0.3, "max_depth": 3.0, "n_estimators": 279.0404253543503, "reg_alpha": 3.0, "reg_lambda": 1.0, "subsample": 1.0}, "datetime": {"datetime": "2022-01-31 23:04:48", "elapsed": 1343.875037, "delta": 246.512496}}
{"target": 197.13212424275338, "params": {"gamma": 0.0021810875740366285, "learning_rate": 0.1288671253954844, "max_depth": 3.3673889738813196, "n_estimators": 271.6551440890574, "reg_alpha": 0.14525789755914797, "reg_lambda": 3.9085415613805683, "subsample": 0.5079880879207901}, "datetime": {"datetime": "2022-01-31 23:07:52", "elapsed": 1527.320143, "delta": 183.445106}}
{"target": 196.56821082060117, "params": {"gamma": 0.012530670737957699, "learning_rate": 0.014036619044741714, "max_depth": 7.772090716247564, "n_estimators": 270.65528816498227, "reg_alpha": 2.5895633477498046, "reg_lambda": 1.9429412565165882, "subsample": 0.6633198857472651}, "datetime": {"datetime": "2022-01-31 23:15:01", "elapsed": 1956.494849, "delta": 429.174706}}
{"target": 197.6667286236139, "params": {"gamma": 0.015135861456632958, "learning_rate": 0.23866726995938223, "max_depth": 6.076573668905561, "n_estimators": 268.3434554398666, "reg_alpha": 1.2390373910395258, "reg_lambda": 1.6931904242206854, "subsample": 0.7000694015469395}, "datetime": {"datetime": "2022-01-31 23:21:39", "elapsed": 2354.821301, "delta": 398.326452}}
{"target": 196.96742184926848, "params": {"gamma": 0.016810921610534817, "learning_rate": 0.04319858276032152, "max_depth": 5.260654320351684, "n_estimators": 269.08439472095324, "reg_alpha": 1.3393587388169532, "reg_lambda": 1.5068942956308709, "subsample": 0.8218076925336644}, "datetime": {"datetime": "2022-01-31 23:27:33", "elapsed": 2708.229041, "delta": 353.40774}}
{"target": 197.66099189484373, "params": {"gamma": 0.01963859362182173, "learning_rate": 0.06743698243687893, "max_depth": 7.646073450938882, "n_estimators": 266.1308602313384, "reg_alpha": 1.2133650544972783, "reg_lambda": 1.0483242295243667, "subsample": 0.8903208395700775}, "datetime": {"datetime": "2022-01-31 23:35:56", "elapsed": 3212.029691, "delta": 503.80065}}
{"target": 197.55236933297198, "params": {"gamma": 0.015302453913135351, "learning_rate": 0.15698979316574121, "max_depth": 5.22201331691136, "n_estimators": 267.10528419028293, "reg_alpha": 0.6937536273809078, "reg_lambda": 2.1824384193970783, "subsample": 0.6766116117737996}, "datetime": {"datetime": "2022-01-31 23:41:23", "elapsed": 3539.095565, "delta": 327.065874}}
{"target": 197.53465258531327, "params": {"gamma": 0.015241744296155386, "learning_rate": 0.07915298809461487, "max_depth": 6.43375696104582, "n_estimators": 267.4245040136072, "reg_alpha": 1.538549460302662, "reg_lambda": 1.2166229937156001, "subsample": 0.6298345580411293}, "datetime": {"datetime": "2022-01-31 23:47:34", "elapsed": 3909.829505, "delta": 370.73394}}
{"target": 197.65133284852317, "params": {"gamma": 0.008485474107547901, "learning_rate": 0.15137047090349087, "max_depth": 6.902490386227244, "n_estimators": 268.42252285755, "reg_alpha": 1.7017581431646969, "reg_lambda": 2.487149916309571, "subsample": 0.697061063022176}, "datetime": {"datetime": "2022-01-31 23:54:07", "elapsed": 4302.965196, "delta": 393.135691}}
{"target": 197.61081940286746, "params": {"gamma": 0.00649722228100782, "learning_rate": 0.15520462627658543, "max_depth": 6.200252005188568, "n_estimators": 267.7105073357295, "reg_alpha": 0.9523126911858633, "reg_lambda": 2.3599076472709486, "subsample": 0.793268375556868}, "datetime": {"datetime": "2022-02-01 00:01:04", "elapsed": 4719.199842, "delta": 416.234646}}
