{"target": 157.22155727713874, "params": {"gamma": 0.00834044009405148, "learning_rate": 0.21889410309822585, "max_depth": 3.0005718740867247, "n_estimators": 220.9330290527359, "reg_alpha": 0.44026767245133913, "reg_lambda": 1.2770157843063934}, "datetime": {"datetime": "2022-02-07 21:21:11", "elapsed": 0.0, "delta": 0.0}}
{"target": 153.98497427466867, "params": {"gamma": 0.003725204227553418, "learning_rate": 0.11021261084248384, "max_depth": 4.983837371153349, "n_estimators": 315.5266936013428, "reg_alpha": 1.2575835432098845, "reg_lambda": 3.0556585011902784}, "datetime": {"datetime": "2022-02-07 21:27:45", "elapsed": 394.63904, "delta": 394.63904}}
{"target": 153.76124732401595, "params": {"gamma": 0.004089044994630349, "learning_rate": 0.26465405655337415, "max_depth": 3.136937965989631, "n_estimators": 368.1870040713609, "reg_alpha": 1.2519144071013808, "reg_lambda": 2.676069485337255}, "datetime": {"datetime": "2022-02-07 21:33:30", "elapsed": 739.957452, "delta": 345.318412}}
{"target": 125.02863342030882, "params": {"gamma": 0.0028077387719046753, "learning_rate": 0.06744943183461484, "max_depth": 7.003722843377683, "n_estimators": 487.304630287759, "reg_alpha": 0.9402725344777285, "reg_lambda": 3.0769678470079422}, "datetime": {"datetime": "2022-02-07 21:51:06", "elapsed": 1795.096945, "delta": 1055.139493}}
{"target": 142.30983886713418, "params": {"gamma": 0.017527783045920765, "learning_rate": 0.2694359324161157, "max_depth": 3.4252210568488897, "n_estimators": 115.62191329315294, "reg_alpha": 0.5094912586937067, "reg_lambda": 3.6344275102882393}, "datetime": {"datetime": "2022-02-07 21:53:03", "elapsed": 1912.959021, "delta": 117.862076}}
{"target": 161.8183766598691, "params": {"gamma": 0.004310613763287352, "learning_rate": 0.03809541144684715, "max_depth": 3.6297224341058962, "n_estimators": 220.50442251525652, "reg_alpha": 1.5114699492380832, "reg_lambda": 1.9190030404348173}, "datetime": {"datetime": "2022-02-07 21:56:35", "elapsed": 2124.870939, "delta": 211.911918}}
{"target": 142.51100531336988, "params": {"gamma": 0.0, "learning_rate": 0.01, "max_depth": 8.0, "n_estimators": 217.250348322181, "reg_alpha": 3.0, "reg_lambda": 4.0}, "datetime": {"datetime": "2022-02-07 22:05:33", "elapsed": 2661.99363, "delta": 537.122691}}
{"target": 163.34286960272865, "params": {"gamma": 0.007548717253649167, "learning_rate": 0.08826380946626679, "max_depth": 3.5090178281992475, "n_estimators": 223.9693985664261, "reg_alpha": 2.57991283037803, "reg_lambda": 3.028091331582189}, "datetime": {"datetime": "2022-02-07 22:09:12", "elapsed": 2881.317032, "delta": 219.323402}}
{"target": 139.61240997498388, "params": {"gamma": 0.0, "learning_rate": 0.01, "max_depth": 7.479942495289303, "n_estimators": 224.60473747307938, "reg_alpha": 3.0, "reg_lambda": 1.0}, "datetime": {"datetime": "2022-02-07 22:17:15", "elapsed": 3363.982455, "delta": 482.665423}}
{"target": 160.10664098407074, "params": {"gamma": 0.02, "learning_rate": 0.01, "max_depth": 3.0, "n_estimators": 221.90282068190322, "reg_alpha": 1.3265569335085532, "reg_lambda": 4.0}, "datetime": {"datetime": "2022-02-07 22:20:44", "elapsed": 3573.453239, "delta": 209.470784}}
{"target": 148.18910226373256, "params": {"gamma": 0.0, "learning_rate": 0.3, "max_depth": 3.0, "n_estimators": 227.2644635751875, "reg_alpha": 0.5414108664279302, "reg_lambda": 4.0}, "datetime": {"datetime": "2022-02-07 22:24:40", "elapsed": 3809.00322, "delta": 235.549981}}
{"target": 146.57092805095843, "params": {"gamma": 0.01198571225937284, "learning_rate": 0.04889570743739131, "max_depth": 6.128306818355295, "n_estimators": 309.7575406070357, "reg_alpha": 1.6773308293860545, "reg_lambda": 2.6497845774016926}, "datetime": {"datetime": "2022-02-07 22:34:33", "elapsed": 4402.461157, "delta": 593.457937}}
{"target": 160.13556178484575, "params": {"gamma": 0.00597841414757992, "learning_rate": 0.20022818374092693, "max_depth": 3.1014093378052694, "n_estimators": 217.4915802967641, "reg_alpha": 2.098698310991273, "reg_lambda": 1.7171143243972282}, "datetime": {"datetime": "2022-02-07 22:38:10", "elapsed": 4619.201122, "delta": 216.739965}}
{"target": 153.51597440267358, "params": {"gamma": 0.02, "learning_rate": 0.3, "max_depth": 3.0, "n_estimators": 222.11079694154367, "reg_alpha": 3.0, "reg_lambda": 1.0}, "datetime": {"datetime": "2022-02-07 22:41:46", "elapsed": 4835.062566, "delta": 215.861444}}
{"target": 161.60987036182158, "params": {"gamma": 0.0011724123827253474, "learning_rate": 0.018800016226627393, "max_depth": 3.3740396816400327, "n_estimators": 218.65554578638134, "reg_alpha": 0.7097250673605501, "reg_lambda": 3.745405261745696}, "datetime": {"datetime": "2022-02-07 22:45:13", "elapsed": 5042.60322, "delta": 207.540654}}
{"target": 163.36470717794677, "params": {"gamma": 0.01750299606084539, "learning_rate": 0.05013048709789542, "max_depth": 3.2009402127303184, "n_estimators": 211.4941397738142, "reg_alpha": 1.42774842675025, "reg_lambda": 1.5814878614065315}, "datetime": {"datetime": "2022-02-07 22:48:40", "elapsed": 5249.731392, "delta": 207.128172}}
{"target": 148.950539847926, "params": {"gamma": 0.0, "learning_rate": 0.3, "max_depth": 3.0, "n_estimators": 208.1137404410718, "reg_alpha": 0.0, "reg_lambda": 1.0}, "datetime": {"datetime": "2022-02-07 22:52:03", "elapsed": 5452.834602, "delta": 203.10321}}
{"target": 160.29178631458055, "params": {"gamma": 0.02, "learning_rate": 0.01, "max_depth": 3.0, "n_estimators": 214.03883751674374, "reg_alpha": 0.0, "reg_lambda": 3.080672587766579}, "datetime": {"datetime": "2022-02-07 22:55:27", "elapsed": 5656.385995, "delta": 203.551393}}
{"target": 153.54902390630008, "params": {"gamma": 0.0, "learning_rate": 0.3, "max_depth": 3.0, "n_estimators": 213.65220764989206, "reg_alpha": 3.0, "reg_lambda": 1.0}, "datetime": {"datetime": "2022-02-07 22:58:54", "elapsed": 5863.253703, "delta": 206.867708}}
{"target": 149.56682590811207, "params": {"gamma": 0.01932941264121258, "learning_rate": 0.025912822811745305, "max_depth": 6.417999818266841, "n_estimators": 211.65887718124236, "reg_alpha": 0.5692486243200666, "reg_lambda": 2.4247289724989685}, "datetime": {"datetime": "2022-02-07 23:05:26", "elapsed": 6255.653755, "delta": 392.400052}}
{"target": 152.85671888149236, "params": {"gamma": 0.00758659356637498, "learning_rate": 0.23858465224766215, "max_depth": 3.7830685270337305, "n_estimators": 211.9096421242985, "reg_alpha": 1.8118238898470005, "reg_lambda": 3.8548910653038426}, "datetime": {"datetime": "2022-02-07 23:08:52", "elapsed": 6461.130034, "delta": 205.476279}}
{"target": 160.44869447942673, "params": {"gamma": 0.02, "learning_rate": 0.01, "max_depth": 4.784621580234314, "n_estimators": 217.77688791415133, "reg_alpha": 0.0, "reg_lambda": 1.0}, "datetime": {"datetime": "2022-02-07 23:13:19", "elapsed": 6728.124567, "delta": 266.994533}}
{"target": 141.11985848891115, "params": {"gamma": 5.4948188691033016e-05, "learning_rate": 0.22515657196498565, "max_depth": 5.38211879311987, "n_estimators": 321.67819740328764, "reg_alpha": 1.536872404380866, "reg_lambda": 3.702522106136706}, "datetime": {"datetime": "2022-02-07 23:21:39", "elapsed": 7228.020128, "delta": 499.895561}}
{"target": 159.16494870743622, "params": {"gamma": 0.013792548485443675, "learning_rate": 0.01, "max_depth": 4.563732325094028, "n_estimators": 374.62082266070536, "reg_alpha": 1.1671284499932655, "reg_lambda": 2.52426501685419}, "datetime": {"datetime": "2022-02-07 23:29:09", "elapsed": 7678.720877, "delta": 450.700749}}
{"target": 125.55256603274916, "params": {"gamma": 0.008197640736270608, "learning_rate": 0.1216966025370777, "max_depth": 7.910166671300441, "n_estimators": 373.0848152159047, "reg_alpha": 2.4580139745149534, "reg_lambda": 1.6332114011105112}, "datetime": {"datetime": "2022-02-07 23:42:59", "elapsed": 8508.817215, "delta": 830.096338}}
